#-----------------------------------------------------------
# Vivado v2019.1 (64-bit)
# SW Build 2552052 on Fri May 24 14:49:42 MDT 2019
# IP Build 2548770 on Fri May 24 18:01:18 MDT 2019
# Start of session at: Sat Nov 29 19:06:54 2025
# Process ID: 7904
# Current directory: C:/Users/ASA/Desktop/Digital Pulse Detection
# Command line: vivado.exe -gui_launcher_event rodinguilauncherevent5512 C:\Users\ASA\Desktop\Digital Pulse Detection\Digital Pulse Detection.xpr
# Log file: C:/Users/ASA/Desktop/Digital Pulse Detection/vivado.log
# Journal file: C:/Users/ASA/Desktop/Digital Pulse Detection\vivado.jou
#-----------------------------------------------------------
start_gui
open_project {C:/Users/ASA/Desktop/Digital Pulse Detection/Digital Pulse Detection.xpr}
Scanning sources...
Finished scanning sources
INFO: [IP_Flow 19-234] Refreshing IP repositories
INFO: [IP_Flow 19-1704] No user IP repositories specified
INFO: [IP_Flow 19-2313] Loaded Vivado IP repository 'E:/Xilinx/Vivado/2019.1/data/ip'.
open_project: Time (s): cpu = 00:00:12 ; elapsed = 00:00:08 . Memory (MB): peak = 800.270 ; gain = 155.238
update_compile_order -fileset sources_1
set_property SOURCE_SET sources_1 [get_filesets sim_1]
close [ open {C:/Users/ASA/Desktop/Digital Pulse Detection/Digital Pulse Detection.srcs/sim_1/new/TB_Filter.vhd} w ]
add_files -fileset sim_1 {{C:/Users/ASA/Desktop/Digital Pulse Detection/Digital Pulse Detection.srcs/sim_1/new/TB_Filter.vhd}}
update_compile_order -fileset sim_1
set_property top tb_Filter [get_filesets sim_1]
set_property top_lib xil_defaultlib [get_filesets sim_1]
WARNING: [filemgmt 56-199] Attempt to get parsing info during refresh. "On-the-fly" syntax checking information may be incorrect. [C:/Users/ASA/Desktop/Digital Pulse Detection/Digital Pulse Detection.srcs/sources_1/new/Glitch Filter.vhd:]
WARNING: [filemgmt 56-199] Attempt to get parsing info during refresh. "On-the-fly" syntax checking information may be incorrect. [C:/Users/ASA/Desktop/Digital Pulse Detection/Digital Pulse Detection.srcs/sim_1/new/TB_Main.vhd:]
WARNING: [filemgmt 56-199] Attempt to get parsing info during refresh. "On-the-fly" syntax checking information may be incorrect. [C:/Users/ASA/Desktop/Digital Pulse Detection/Digital Pulse Detection.srcs/sim_1/new/TB_Filter.vhd:]
WARNING: [filemgmt 56-199] Attempt to get parsing info during refresh. "On-the-fly" syntax checking information may be incorrect. [C:/Users/ASA/Desktop/Digital Pulse Detection/Digital Pulse Detection.srcs/sources_1/new/Glitch Filter.vhd:]
WARNING: [filemgmt 56-199] Attempt to get parsing info during refresh. "On-the-fly" syntax checking information may be incorrect. [C:/Users/ASA/Desktop/Digital Pulse Detection/Digital Pulse Detection.srcs/sim_1/new/TB_Main.vhd:]
WARNING: [filemgmt 56-199] Attempt to get parsing info during refresh. "On-the-fly" syntax checking information may be incorrect. [C:/Users/ASA/Desktop/Digital Pulse Detection/Digital Pulse Detection.srcs/sim_1/new/TB_Filter.vhd:]
ERROR: [Common 17-180] Spawn failed: No error
launch_simulation
INFO: [Vivado 12-5682] Launching behavioral simulation in 'C:/Users/ASA/Desktop/Digital Pulse Detection/Digital Pulse Detection.sim/sim_1/behav/xsim'
INFO: [SIM-utils-51] Simulation object is 'sim_1'
INFO: [SIM-utils-54] Inspecting design source files for 'tb_Filter' in fileset 'sim_1'...
INFO: [USF-XSim-97] Finding global include files...
INFO: [USF-XSim-98] Fetching design files from 'sim_1'...
INFO: [USF-XSim-2] XSim::Compile design
INFO: [USF-XSim-61] Executing 'COMPILE and ANALYZE' step in 'C:/Users/ASA/Desktop/Digital Pulse Detection/Digital Pulse Detection.sim/sim_1/behav/xsim'
"xvhdl --incr --relax -prj tb_Filter_vhdl.prj"
INFO: [VRFC 10-163] Analyzing VHDL file "C:/Users/ASA/Desktop/Digital Pulse Detection/Digital Pulse Detection.srcs/sources_1/new/Glitch Filter.vhd" into library xil_defaultlib
INFO: [VRFC 10-3107] analyzing entity 'Glitch_Filter'
INFO: [VRFC 10-163] Analyzing VHDL file "C:/Users/ASA/Desktop/Digital Pulse Detection/Digital Pulse Detection.srcs/sim_1/new/TB_Filter.vhd" into library xil_defaultlib
INFO: [VRFC 10-3107] analyzing entity 'tb_Filter'
INFO: [USF-XSim-69] 'compile' step finished in '1' seconds
INFO: [USF-XSim-3] XSim::Elaborate design
INFO: [USF-XSim-61] Executing 'ELABORATE' step in 'C:/Users/ASA/Desktop/Digital Pulse Detection/Digital Pulse Detection.sim/sim_1/behav/xsim'
"xelab -wto 7058c215b71d4a7b877a5b2561376859 --incr --debug typical --relax --mt 2 -L xil_defaultlib -L secureip --snapshot tb_Filter_behav xil_defaultlib.tb_Filter -log elaborate.log"
Vivado Simulator 2019.1
Copyright 1986-1999, 2001-2019 Xilinx, Inc. All Rights Reserved.
Running: E:/Xilinx/Vivado/2019.1/bin/unwrapped/win64.o/xelab.exe -wto 7058c215b71d4a7b877a5b2561376859 --incr --debug typical --relax --mt 2 -L xil_defaultlib -L secureip --snapshot tb_Filter_behav xil_defaultlib.tb_Filter -log elaborate.log 
Using 2 slave threads.
Starting static elaboration
Completed static elaboration
Starting simulation data flow analysis
Completed simulation data flow analysis
Time Resolution for simulation is 1ps
Compiling package std.standard
Compiling package std.textio
Compiling package ieee.std_logic_1164
Compiling package ieee.numeric_std
Compiling architecture rtl of entity xil_defaultlib.Glitch_Filter [glitch_filter_default]
Compiling architecture behavioral of entity xil_defaultlib.tb_filter
Built simulation snapshot tb_Filter_behav

****** Webtalk v2019.1 (64-bit)
  **** SW Build 2552052 on Fri May 24 14:49:42 MDT 2019
  **** IP Build 2548770 on Fri May 24 18:01:18 MDT 2019
    ** Copyright 1986-2019 Xilinx, Inc. All Rights Reserved.

source C:/Users/ASA/Desktop/Digital -notrace
couldn't read file "C:/Users/ASA/Desktop/Digital": permission denied
INFO: [Common 17-206] Exiting Webtalk at Sat Nov 29 19:10:25 2025...
INFO: [USF-XSim-69] 'elaborate' step finished in '3' seconds
INFO: [USF-XSim-4] XSim::Simulate design
INFO: [USF-XSim-61] Executing 'SIMULATE' step in 'C:/Users/ASA/Desktop/Digital Pulse Detection/Digital Pulse Detection.sim/sim_1/behav/xsim'
INFO: [USF-XSim-98] *** Running xsim
   with args "tb_Filter_behav -key {Behavioral:sim_1:Functional:tb_Filter} -tclbatch {tb_Filter.tcl} -log {simulate.log}"
INFO: [USF-XSim-8] Loading simulator feature
Vivado Simulator 2019.1
Time resolution is 1 ps
source tb_Filter.tcl
# set curr_wave [current_wave_config]
# if { [string length $curr_wave] == 0 } {
#   if { [llength [get_objects]] > 0} {
#     add_wave /
#     set_property needs_save false [current_wave_config]
#   } else {
#      send_msg_id Add_Wave-1 WARNING "No top level signals found. Simulator will start without a wave window. If you want to open a wave window go to 'File->New Waveform Configuration' or type 'create_wave_config' in the TCL console."
#   }
# }
# run 1000ns
INFO: [USF-XSim-96] XSim completed. Design snapshot 'tb_Filter_behav' loaded.
INFO: [USF-XSim-97] XSim simulation ran for 1000ns
launch_simulation: Time (s): cpu = 00:00:06 ; elapsed = 00:00:07 . Memory (MB): peak = 874.184 ; gain = 0.000
update_compile_order -fileset sim_1
close_sim
INFO: [Simtcl 6-16] Simulation closed
launch_simulation
INFO: [Vivado 12-5682] Launching behavioral simulation in 'C:/Users/ASA/Desktop/Digital Pulse Detection/Digital Pulse Detection.sim/sim_1/behav/xsim'
INFO: [SIM-utils-51] Simulation object is 'sim_1'
INFO: [SIM-utils-54] Inspecting design source files for 'tb_Filter' in fileset 'sim_1'...
INFO: [USF-XSim-97] Finding global include files...
INFO: [USF-XSim-98] Fetching design files from 'sim_1'...
INFO: [USF-XSim-2] XSim::Compile design
INFO: [USF-XSim-61] Executing 'COMPILE and ANALYZE' step in 'C:/Users/ASA/Desktop/Digital Pulse Detection/Digital Pulse Detection.sim/sim_1/behav/xsim'
"xvhdl --incr --relax -prj tb_Filter_vhdl.prj"
INFO: [VRFC 10-163] Analyzing VHDL file "C:/Users/ASA/Desktop/Digital Pulse Detection/Digital Pulse Detection.srcs/sim_1/new/TB_Filter.vhd" into library xil_defaultlib
INFO: [VRFC 10-3107] analyzing entity 'tb_Filter'
INFO: [USF-XSim-69] 'compile' step finished in '1' seconds
INFO: [USF-XSim-3] XSim::Elaborate design
INFO: [USF-XSim-61] Executing 'ELABORATE' step in 'C:/Users/ASA/Desktop/Digital Pulse Detection/Digital Pulse Detection.sim/sim_1/behav/xsim'
"xelab -wto 7058c215b71d4a7b877a5b2561376859 --incr --debug typical --relax --mt 2 -L xil_defaultlib -L secureip --snapshot tb_Filter_behav xil_defaultlib.tb_Filter -log elaborate.log"
Vivado Simulator 2019.1
Copyright 1986-1999, 2001-2019 Xilinx, Inc. All Rights Reserved.
Running: E:/Xilinx/Vivado/2019.1/bin/unwrapped/win64.o/xelab.exe -wto 7058c215b71d4a7b877a5b2561376859 --incr --debug typical --relax --mt 2 -L xil_defaultlib -L secureip --snapshot tb_Filter_behav xil_defaultlib.tb_Filter -log elaborate.log 
Using 2 slave threads.
Starting static elaboration
Completed static elaboration
Starting simulation data flow analysis
Completed simulation data flow analysis
Time Resolution for simulation is 1ps
Compiling package std.standard
Compiling package std.textio
Compiling package ieee.std_logic_1164
Compiling package ieee.numeric_std
Compiling architecture rtl of entity xil_defaultlib.Glitch_Filter [glitch_filter_default]
Compiling architecture behavioral of entity xil_defaultlib.tb_filter
Built simulation snapshot tb_Filter_behav
INFO: [USF-XSim-69] 'elaborate' step finished in '1' seconds
INFO: [USF-XSim-4] XSim::Simulate design
INFO: [USF-XSim-61] Executing 'SIMULATE' step in 'C:/Users/ASA/Desktop/Digital Pulse Detection/Digital Pulse Detection.sim/sim_1/behav/xsim'
INFO: [USF-XSim-98] *** Running xsim
   with args "tb_Filter_behav -key {Behavioral:sim_1:Functional:tb_Filter} -tclbatch {tb_Filter.tcl} -log {simulate.log}"
INFO: [USF-XSim-8] Loading simulator feature
Vivado Simulator 2019.1
Time resolution is 1 ps
source tb_Filter.tcl
# set curr_wave [current_wave_config]
# if { [string length $curr_wave] == 0 } {
#   if { [llength [get_objects]] > 0} {
#     add_wave /
#     set_property needs_save false [current_wave_config]
#   } else {
#      send_msg_id Add_Wave-1 WARNING "No top level signals found. Simulator will start without a wave window. If you want to open a wave window go to 'File->New Waveform Configuration' or type 'create_wave_config' in the TCL console."
#   }
# }
# run 1000ns
INFO: [USF-XSim-96] XSim completed. Design snapshot 'tb_Filter_behav' loaded.
INFO: [USF-XSim-97] XSim simulation ran for 1000ns
close_sim
INFO: [Simtcl 6-16] Simulation closed
launch_simulation
INFO: [Vivado 12-5682] Launching behavioral simulation in 'C:/Users/ASA/Desktop/Digital Pulse Detection/Digital Pulse Detection.sim/sim_1/behav/xsim'
INFO: [SIM-utils-51] Simulation object is 'sim_1'
INFO: [SIM-utils-54] Inspecting design source files for 'tb_Filter' in fileset 'sim_1'...
INFO: [USF-XSim-97] Finding global include files...
INFO: [USF-XSim-98] Fetching design files from 'sim_1'...
INFO: [USF-XSim-2] XSim::Compile design
INFO: [USF-XSim-61] Executing 'COMPILE and ANALYZE' step in 'C:/Users/ASA/Desktop/Digital Pulse Detection/Digital Pulse Detection.sim/sim_1/behav/xsim'
"xvhdl --incr --relax -prj tb_Filter_vhdl.prj"
INFO: [VRFC 10-163] Analyzing VHDL file "C:/Users/ASA/Desktop/Digital Pulse Detection/Digital Pulse Detection.srcs/sim_1/new/TB_Filter.vhd" into library xil_defaultlib
INFO: [VRFC 10-3107] analyzing entity 'tb_Filter'
INFO: [USF-XSim-69] 'compile' step finished in '1' seconds
INFO: [USF-XSim-3] XSim::Elaborate design
INFO: [USF-XSim-61] Executing 'ELABORATE' step in 'C:/Users/ASA/Desktop/Digital Pulse Detection/Digital Pulse Detection.sim/sim_1/behav/xsim'
"xelab -wto 7058c215b71d4a7b877a5b2561376859 --incr --debug typical --relax --mt 2 -L xil_defaultlib -L secureip --snapshot tb_Filter_behav xil_defaultlib.tb_Filter -log elaborate.log"
Vivado Simulator 2019.1
Copyright 1986-1999, 2001-2019 Xilinx, Inc. All Rights Reserved.
Running: E:/Xilinx/Vivado/2019.1/bin/unwrapped/win64.o/xelab.exe -wto 7058c215b71d4a7b877a5b2561376859 --incr --debug typical --relax --mt 2 -L xil_defaultlib -L secureip --snapshot tb_Filter_behav xil_defaultlib.tb_Filter -log elaborate.log 
Using 2 slave threads.
Starting static elaboration
Completed static elaboration
Starting simulation data flow analysis
Completed simulation data flow analysis
Time Resolution for simulation is 1ps
Compiling package std.standard
Compiling package std.textio
Compiling package ieee.std_logic_1164
Compiling package ieee.numeric_std
Compiling architecture rtl of entity xil_defaultlib.Glitch_Filter [glitch_filter_default]
Compiling architecture behavioral of entity xil_defaultlib.tb_filter
Built simulation snapshot tb_Filter_behav
INFO: [USF-XSim-69] 'elaborate' step finished in '1' seconds
INFO: [USF-XSim-4] XSim::Simulate design
INFO: [USF-XSim-61] Executing 'SIMULATE' step in 'C:/Users/ASA/Desktop/Digital Pulse Detection/Digital Pulse Detection.sim/sim_1/behav/xsim'
INFO: [USF-XSim-98] *** Running xsim
   with args "tb_Filter_behav -key {Behavioral:sim_1:Functional:tb_Filter} -tclbatch {tb_Filter.tcl} -log {simulate.log}"
INFO: [USF-XSim-8] Loading simulator feature
Vivado Simulator 2019.1
Time resolution is 1 ps
source tb_Filter.tcl
# set curr_wave [current_wave_config]
# if { [string length $curr_wave] == 0 } {
#   if { [llength [get_objects]] > 0} {
#     add_wave /
#     set_property needs_save false [current_wave_config]
#   } else {
#      send_msg_id Add_Wave-1 WARNING "No top level signals found. Simulator will start without a wave window. If you want to open a wave window go to 'File->New Waveform Configuration' or type 'create_wave_config' in the TCL console."
#   }
# }
# run 1000ns
INFO: [USF-XSim-96] XSim completed. Design snapshot 'tb_Filter_behav' loaded.
INFO: [USF-XSim-97] XSim simulation ran for 1000ns
close_sim
INFO: [Simtcl 6-16] Simulation closed
launch_simulation
INFO: [Vivado 12-5682] Launching behavioral simulation in 'C:/Users/ASA/Desktop/Digital Pulse Detection/Digital Pulse Detection.sim/sim_1/behav/xsim'
INFO: [SIM-utils-51] Simulation object is 'sim_1'
INFO: [SIM-utils-54] Inspecting design source files for 'tb_Filter' in fileset 'sim_1'...
INFO: [USF-XSim-97] Finding global include files...
INFO: [USF-XSim-98] Fetching design files from 'sim_1'...
INFO: [USF-XSim-2] XSim::Compile design
INFO: [USF-XSim-61] Executing 'COMPILE and ANALYZE' step in 'C:/Users/ASA/Desktop/Digital Pulse Detection/Digital Pulse Detection.sim/sim_1/behav/xsim'
"xvhdl --incr --relax -prj tb_Filter_vhdl.prj"
INFO: [VRFC 10-163] Analyzing VHDL file "C:/Users/ASA/Desktop/Digital Pulse Detection/Digital Pulse Detection.srcs/sources_1/new/Glitch Filter.vhd" into library xil_defaultlib
INFO: [VRFC 10-3107] analyzing entity 'Glitch_Filter'
INFO: [VRFC 10-163] Analyzing VHDL file "C:/Users/ASA/Desktop/Digital Pulse Detection/Digital Pulse Detection.srcs/sim_1/new/TB_Filter.vhd" into library xil_defaultlib
INFO: [VRFC 10-3107] analyzing entity 'tb_Filter'
INFO: [USF-XSim-69] 'compile' step finished in '1' seconds
INFO: [USF-XSim-3] XSim::Elaborate design
INFO: [USF-XSim-61] Executing 'ELABORATE' step in 'C:/Users/ASA/Desktop/Digital Pulse Detection/Digital Pulse Detection.sim/sim_1/behav/xsim'
"xelab -wto 7058c215b71d4a7b877a5b2561376859 --incr --debug typical --relax --mt 2 -L xil_defaultlib -L secureip --snapshot tb_Filter_behav xil_defaultlib.tb_Filter -log elaborate.log"
Vivado Simulator 2019.1
Copyright 1986-1999, 2001-2019 Xilinx, Inc. All Rights Reserved.
Running: E:/Xilinx/Vivado/2019.1/bin/unwrapped/win64.o/xelab.exe -wto 7058c215b71d4a7b877a5b2561376859 --incr --debug typical --relax --mt 2 -L xil_defaultlib -L secureip --snapshot tb_Filter_behav xil_defaultlib.tb_Filter -log elaborate.log 
Using 2 slave threads.
Starting static elaboration
Completed static elaboration
Starting simulation data flow analysis
Completed simulation data flow analysis
Time Resolution for simulation is 1ps
Compiling package std.standard
Compiling package std.textio
Compiling package ieee.std_logic_1164
Compiling package ieee.numeric_std
Compiling architecture rtl of entity xil_defaultlib.Glitch_Filter [glitch_filter_default]
Compiling architecture behavioral of entity xil_defaultlib.tb_filter
Built simulation snapshot tb_Filter_behav
INFO: [USF-XSim-69] 'elaborate' step finished in '1' seconds
INFO: [USF-XSim-4] XSim::Simulate design
INFO: [USF-XSim-61] Executing 'SIMULATE' step in 'C:/Users/ASA/Desktop/Digital Pulse Detection/Digital Pulse Detection.sim/sim_1/behav/xsim'
INFO: [USF-XSim-98] *** Running xsim
   with args "tb_Filter_behav -key {Behavioral:sim_1:Functional:tb_Filter} -tclbatch {tb_Filter.tcl} -log {simulate.log}"
INFO: [USF-XSim-8] Loading simulator feature
Vivado Simulator 2019.1
Time resolution is 1 ps
source tb_Filter.tcl
# set curr_wave [current_wave_config]
# if { [string length $curr_wave] == 0 } {
#   if { [llength [get_objects]] > 0} {
#     add_wave /
#     set_property needs_save false [current_wave_config]
#   } else {
#      send_msg_id Add_Wave-1 WARNING "No top level signals found. Simulator will start without a wave window. If you want to open a wave window go to 'File->New Waveform Configuration' or type 'create_wave_config' in the TCL console."
#   }
# }
# run 1000ns
INFO: [USF-XSim-96] XSim completed. Design snapshot 'tb_Filter_behav' loaded.
INFO: [USF-XSim-97] XSim simulation ran for 1000ns
current_wave_config {Untitled 4}
Untitled 4
add_wave {{/tb_Filter/DUT/cnt}} 
current_wave_config {Untitled 4}
Untitled 4
add_wave {{/tb_Filter/DUT/test}} 
restart
INFO: [Simtcl 6-17] Simulation restarted
run 300 us
close_sim
INFO: [Simtcl 6-16] Simulation closed
launch_simulation
INFO: [Vivado 12-5682] Launching behavioral simulation in 'C:/Users/ASA/Desktop/Digital Pulse Detection/Digital Pulse Detection.sim/sim_1/behav/xsim'
INFO: [SIM-utils-51] Simulation object is 'sim_1'
INFO: [SIM-utils-54] Inspecting design source files for 'tb_Filter' in fileset 'sim_1'...
INFO: [USF-XSim-97] Finding global include files...
INFO: [USF-XSim-98] Fetching design files from 'sim_1'...
INFO: [USF-XSim-2] XSim::Compile design
INFO: [USF-XSim-61] Executing 'COMPILE and ANALYZE' step in 'C:/Users/ASA/Desktop/Digital Pulse Detection/Digital Pulse Detection.sim/sim_1/behav/xsim'
"xvhdl --incr --relax -prj tb_Filter_vhdl.prj"
INFO: [VRFC 10-163] Analyzing VHDL file "C:/Users/ASA/Desktop/Digital Pulse Detection/Digital Pulse Detection.srcs/sources_1/new/Glitch Filter.vhd" into library xil_defaultlib
INFO: [VRFC 10-3107] analyzing entity 'Glitch_Filter'
INFO: [VRFC 10-163] Analyzing VHDL file "C:/Users/ASA/Desktop/Digital Pulse Detection/Digital Pulse Detection.srcs/sim_1/new/TB_Filter.vhd" into library xil_defaultlib
INFO: [VRFC 10-3107] analyzing entity 'tb_Filter'
INFO: [USF-XSim-69] 'compile' step finished in '1' seconds
INFO: [USF-XSim-3] XSim::Elaborate design
INFO: [USF-XSim-61] Executing 'ELABORATE' step in 'C:/Users/ASA/Desktop/Digital Pulse Detection/Digital Pulse Detection.sim/sim_1/behav/xsim'
"xelab -wto 7058c215b71d4a7b877a5b2561376859 --incr --debug typical --relax --mt 2 -L xil_defaultlib -L secureip --snapshot tb_Filter_behav xil_defaultlib.tb_Filter -log elaborate.log"
Vivado Simulator 2019.1
Copyright 1986-1999, 2001-2019 Xilinx, Inc. All Rights Reserved.
Running: E:/Xilinx/Vivado/2019.1/bin/unwrapped/win64.o/xelab.exe -wto 7058c215b71d4a7b877a5b2561376859 --incr --debug typical --relax --mt 2 -L xil_defaultlib -L secureip --snapshot tb_Filter_behav xil_defaultlib.tb_Filter -log elaborate.log 
Using 2 slave threads.
Starting static elaboration
Completed static elaboration
Starting simulation data flow analysis
Completed simulation data flow analysis
Time Resolution for simulation is 1ps
Compiling package std.standard
Compiling package std.textio
Compiling package ieee.std_logic_1164
Compiling package ieee.numeric_std
Compiling architecture rtl of entity xil_defaultlib.Glitch_Filter [glitch_filter_default]
Compiling architecture behavioral of entity xil_defaultlib.tb_filter
Built simulation snapshot tb_Filter_behav
INFO: [USF-XSim-69] 'elaborate' step finished in '2' seconds
INFO: [USF-XSim-4] XSim::Simulate design
INFO: [USF-XSim-61] Executing 'SIMULATE' step in 'C:/Users/ASA/Desktop/Digital Pulse Detection/Digital Pulse Detection.sim/sim_1/behav/xsim'
INFO: [USF-XSim-98] *** Running xsim
   with args "tb_Filter_behav -key {Behavioral:sim_1:Functional:tb_Filter} -tclbatch {tb_Filter.tcl} -log {simulate.log}"
INFO: [USF-XSim-8] Loading simulator feature
Vivado Simulator 2019.1
Time resolution is 1 ps
source tb_Filter.tcl
# set curr_wave [current_wave_config]
# if { [string length $curr_wave] == 0 } {
#   if { [llength [get_objects]] > 0} {
#     add_wave /
#     set_property needs_save false [current_wave_config]
#   } else {
#      send_msg_id Add_Wave-1 WARNING "No top level signals found. Simulator will start without a wave window. If you want to open a wave window go to 'File->New Waveform Configuration' or type 'create_wave_config' in the TCL console."
#   }
# }
# run 1000ns
INFO: [USF-XSim-96] XSim completed. Design snapshot 'tb_Filter_behav' loaded.
INFO: [USF-XSim-97] XSim simulation ran for 1000ns
close_sim
INFO: [Simtcl 6-16] Simulation closed
launch_simulation
INFO: [Vivado 12-5682] Launching behavioral simulation in 'C:/Users/ASA/Desktop/Digital Pulse Detection/Digital Pulse Detection.sim/sim_1/behav/xsim'
INFO: [SIM-utils-51] Simulation object is 'sim_1'
INFO: [SIM-utils-54] Inspecting design source files for 'tb_Filter' in fileset 'sim_1'...
INFO: [USF-XSim-97] Finding global include files...
INFO: [USF-XSim-98] Fetching design files from 'sim_1'...
INFO: [USF-XSim-2] XSim::Compile design
INFO: [USF-XSim-61] Executing 'COMPILE and ANALYZE' step in 'C:/Users/ASA/Desktop/Digital Pulse Detection/Digital Pulse Detection.sim/sim_1/behav/xsim'
"xvhdl --incr --relax -prj tb_Filter_vhdl.prj"
INFO: [VRFC 10-163] Analyzing VHDL file "C:/Users/ASA/Desktop/Digital Pulse Detection/Digital Pulse Detection.srcs/sources_1/new/Glitch Filter.vhd" into library xil_defaultlib
INFO: [VRFC 10-3107] analyzing entity 'Glitch_Filter'
INFO: [VRFC 10-163] Analyzing VHDL file "C:/Users/ASA/Desktop/Digital Pulse Detection/Digital Pulse Detection.srcs/sim_1/new/TB_Filter.vhd" into library xil_defaultlib
INFO: [VRFC 10-3107] analyzing entity 'tb_Filter'
INFO: [USF-XSim-69] 'compile' step finished in '1' seconds
INFO: [USF-XSim-3] XSim::Elaborate design
INFO: [USF-XSim-61] Executing 'ELABORATE' step in 'C:/Users/ASA/Desktop/Digital Pulse Detection/Digital Pulse Detection.sim/sim_1/behav/xsim'
"xelab -wto 7058c215b71d4a7b877a5b2561376859 --incr --debug typical --relax --mt 2 -L xil_defaultlib -L secureip --snapshot tb_Filter_behav xil_defaultlib.tb_Filter -log elaborate.log"
Vivado Simulator 2019.1
Copyright 1986-1999, 2001-2019 Xilinx, Inc. All Rights Reserved.
Running: E:/Xilinx/Vivado/2019.1/bin/unwrapped/win64.o/xelab.exe -wto 7058c215b71d4a7b877a5b2561376859 --incr --debug typical --relax --mt 2 -L xil_defaultlib -L secureip --snapshot tb_Filter_behav xil_defaultlib.tb_Filter -log elaborate.log 
Using 2 slave threads.
Starting static elaboration
Completed static elaboration
Starting simulation data flow analysis
Completed simulation data flow analysis
Time Resolution for simulation is 1ps
Compiling package std.standard
Compiling package std.textio
Compiling package ieee.std_logic_1164
Compiling package ieee.numeric_std
Compiling architecture rtl of entity xil_defaultlib.Glitch_Filter [glitch_filter_default]
Compiling architecture behavioral of entity xil_defaultlib.tb_filter
Built simulation snapshot tb_Filter_behav
INFO: [USF-XSim-69] 'elaborate' step finished in '1' seconds
INFO: [USF-XSim-4] XSim::Simulate design
INFO: [USF-XSim-61] Executing 'SIMULATE' step in 'C:/Users/ASA/Desktop/Digital Pulse Detection/Digital Pulse Detection.sim/sim_1/behav/xsim'
INFO: [USF-XSim-98] *** Running xsim
   with args "tb_Filter_behav -key {Behavioral:sim_1:Functional:tb_Filter} -tclbatch {tb_Filter.tcl} -log {simulate.log}"
INFO: [USF-XSim-8] Loading simulator feature
Vivado Simulator 2019.1
Time resolution is 1 ps
source tb_Filter.tcl
# set curr_wave [current_wave_config]
# if { [string length $curr_wave] == 0 } {
#   if { [llength [get_objects]] > 0} {
#     add_wave /
#     set_property needs_save false [current_wave_config]
#   } else {
#      send_msg_id Add_Wave-1 WARNING "No top level signals found. Simulator will start without a wave window. If you want to open a wave window go to 'File->New Waveform Configuration' or type 'create_wave_config' in the TCL console."
#   }
# }
# run 1000ns
INFO: [USF-XSim-96] XSim completed. Design snapshot 'tb_Filter_behav' loaded.
INFO: [USF-XSim-97] XSim simulation ran for 1000ns
launch_simulation: Time (s): cpu = 00:00:02 ; elapsed = 00:00:06 . Memory (MB): peak = 1023.324 ; gain = 1.410
close_sim
INFO: [Simtcl 6-16] Simulation closed
launch_simulation
INFO: [Vivado 12-5682] Launching behavioral simulation in 'C:/Users/ASA/Desktop/Digital Pulse Detection/Digital Pulse Detection.sim/sim_1/behav/xsim'
INFO: [SIM-utils-51] Simulation object is 'sim_1'
INFO: [SIM-utils-54] Inspecting design source files for 'tb_Filter' in fileset 'sim_1'...
INFO: [USF-XSim-97] Finding global include files...
INFO: [USF-XSim-98] Fetching design files from 'sim_1'...
INFO: [USF-XSim-2] XSim::Compile design
INFO: [USF-XSim-61] Executing 'COMPILE and ANALYZE' step in 'C:/Users/ASA/Desktop/Digital Pulse Detection/Digital Pulse Detection.sim/sim_1/behav/xsim'
"xvhdl --incr --relax -prj tb_Filter_vhdl.prj"
INFO: [VRFC 10-163] Analyzing VHDL file "C:/Users/ASA/Desktop/Digital Pulse Detection/Digital Pulse Detection.srcs/sources_1/new/Glitch Filter.vhd" into library xil_defaultlib
INFO: [VRFC 10-3107] analyzing entity 'Glitch_Filter'
INFO: [VRFC 10-163] Analyzing VHDL file "C:/Users/ASA/Desktop/Digital Pulse Detection/Digital Pulse Detection.srcs/sim_1/new/TB_Filter.vhd" into library xil_defaultlib
INFO: [VRFC 10-3107] analyzing entity 'tb_Filter'
INFO: [USF-XSim-69] 'compile' step finished in '1' seconds
INFO: [USF-XSim-3] XSim::Elaborate design
INFO: [USF-XSim-61] Executing 'ELABORATE' step in 'C:/Users/ASA/Desktop/Digital Pulse Detection/Digital Pulse Detection.sim/sim_1/behav/xsim'
"xelab -wto 7058c215b71d4a7b877a5b2561376859 --incr --debug typical --relax --mt 2 -L xil_defaultlib -L secureip --snapshot tb_Filter_behav xil_defaultlib.tb_Filter -log elaborate.log"
Vivado Simulator 2019.1
Copyright 1986-1999, 2001-2019 Xilinx, Inc. All Rights Reserved.
Running: E:/Xilinx/Vivado/2019.1/bin/unwrapped/win64.o/xelab.exe -wto 7058c215b71d4a7b877a5b2561376859 --incr --debug typical --relax --mt 2 -L xil_defaultlib -L secureip --snapshot tb_Filter_behav xil_defaultlib.tb_Filter -log elaborate.log 
Using 2 slave threads.
Starting static elaboration
Completed static elaboration
Starting simulation data flow analysis
Completed simulation data flow analysis
Time Resolution for simulation is 1ps
Compiling package std.standard
Compiling package std.textio
Compiling package ieee.std_logic_1164
Compiling package ieee.numeric_std
Compiling architecture rtl of entity xil_defaultlib.Glitch_Filter [glitch_filter_default]
Compiling architecture behavioral of entity xil_defaultlib.tb_filter
Built simulation snapshot tb_Filter_behav
INFO: [USF-XSim-69] 'elaborate' step finished in '2' seconds
INFO: [USF-XSim-4] XSim::Simulate design
INFO: [USF-XSim-61] Executing 'SIMULATE' step in 'C:/Users/ASA/Desktop/Digital Pulse Detection/Digital Pulse Detection.sim/sim_1/behav/xsim'
INFO: [USF-XSim-98] *** Running xsim
   with args "tb_Filter_behav -key {Behavioral:sim_1:Functional:tb_Filter} -tclbatch {tb_Filter.tcl} -log {simulate.log}"
INFO: [USF-XSim-8] Loading simulator feature
Vivado Simulator 2019.1
Time resolution is 1 ps
source tb_Filter.tcl
# set curr_wave [current_wave_config]
# if { [string length $curr_wave] == 0 } {
#   if { [llength [get_objects]] > 0} {
#     add_wave /
#     set_property needs_save false [current_wave_config]
#   } else {
#      send_msg_id Add_Wave-1 WARNING "No top level signals found. Simulator will start without a wave window. If you want to open a wave window go to 'File->New Waveform Configuration' or type 'create_wave_config' in the TCL console."
#   }
# }
# run 1000ns
INFO: [USF-XSim-96] XSim completed. Design snapshot 'tb_Filter_behav' loaded.
INFO: [USF-XSim-97] XSim simulation ran for 1000ns
restart
INFO: [Simtcl 6-17] Simulation restarted
run 300 us
close_sim
INFO: [Simtcl 6-16] Simulation closed
launch_simulation
INFO: [Vivado 12-5682] Launching behavioral simulation in 'C:/Users/ASA/Desktop/Digital Pulse Detection/Digital Pulse Detection.sim/sim_1/behav/xsim'
INFO: [SIM-utils-51] Simulation object is 'sim_1'
INFO: [SIM-utils-54] Inspecting design source files for 'tb_Filter' in fileset 'sim_1'...
INFO: [USF-XSim-97] Finding global include files...
INFO: [USF-XSim-98] Fetching design files from 'sim_1'...
INFO: [USF-XSim-2] XSim::Compile design
INFO: [USF-XSim-61] Executing 'COMPILE and ANALYZE' step in 'C:/Users/ASA/Desktop/Digital Pulse Detection/Digital Pulse Detection.sim/sim_1/behav/xsim'
"xvhdl --incr --relax -prj tb_Filter_vhdl.prj"
INFO: [VRFC 10-163] Analyzing VHDL file "C:/Users/ASA/Desktop/Digital Pulse Detection/Digital Pulse Detection.srcs/sim_1/new/TB_Filter.vhd" into library xil_defaultlib
INFO: [VRFC 10-3107] analyzing entity 'tb_Filter'
INFO: [USF-XSim-69] 'compile' step finished in '1' seconds
INFO: [USF-XSim-3] XSim::Elaborate design
INFO: [USF-XSim-61] Executing 'ELABORATE' step in 'C:/Users/ASA/Desktop/Digital Pulse Detection/Digital Pulse Detection.sim/sim_1/behav/xsim'
"xelab -wto 7058c215b71d4a7b877a5b2561376859 --incr --debug typical --relax --mt 2 -L xil_defaultlib -L secureip --snapshot tb_Filter_behav xil_defaultlib.tb_Filter -log elaborate.log"
Vivado Simulator 2019.1
Copyright 1986-1999, 2001-2019 Xilinx, Inc. All Rights Reserved.
Running: E:/Xilinx/Vivado/2019.1/bin/unwrapped/win64.o/xelab.exe -wto 7058c215b71d4a7b877a5b2561376859 --incr --debug typical --relax --mt 2 -L xil_defaultlib -L secureip --snapshot tb_Filter_behav xil_defaultlib.tb_Filter -log elaborate.log 
Using 2 slave threads.
Starting static elaboration
Completed static elaboration
Starting simulation data flow analysis
Completed simulation data flow analysis
Time Resolution for simulation is 1ps
Compiling package std.standard
Compiling package std.textio
Compiling package ieee.std_logic_1164
Compiling package ieee.numeric_std
Compiling architecture rtl of entity xil_defaultlib.Glitch_Filter [glitch_filter_default]
Compiling architecture behavioral of entity xil_defaultlib.tb_filter
Built simulation snapshot tb_Filter_behav
INFO: [USF-XSim-69] 'elaborate' step finished in '1' seconds
INFO: [USF-XSim-4] XSim::Simulate design
INFO: [USF-XSim-61] Executing 'SIMULATE' step in 'C:/Users/ASA/Desktop/Digital Pulse Detection/Digital Pulse Detection.sim/sim_1/behav/xsim'
INFO: [USF-XSim-98] *** Running xsim
   with args "tb_Filter_behav -key {Behavioral:sim_1:Functional:tb_Filter} -tclbatch {tb_Filter.tcl} -log {simulate.log}"
INFO: [USF-XSim-8] Loading simulator feature
Vivado Simulator 2019.1
Time resolution is 1 ps
source tb_Filter.tcl
# set curr_wave [current_wave_config]
# if { [string length $curr_wave] == 0 } {
#   if { [llength [get_objects]] > 0} {
#     add_wave /
#     set_property needs_save false [current_wave_config]
#   } else {
#      send_msg_id Add_Wave-1 WARNING "No top level signals found. Simulator will start without a wave window. If you want to open a wave window go to 'File->New Waveform Configuration' or type 'create_wave_config' in the TCL console."
#   }
# }
# run 1000ns
INFO: [USF-XSim-96] XSim completed. Design snapshot 'tb_Filter_behav' loaded.
INFO: [USF-XSim-97] XSim simulation ran for 1000ns
current_wave_config {Untitled 8}
Untitled 8
add_wave {{/tb_Filter/DUT/test}} 
current_wave_config {Untitled 8}
Untitled 8
add_wave {{/tb_Filter/DUT/cnt}} 
restart
INFO: [Simtcl 6-17] Simulation restarted
run 300 us
close_sim
INFO: [Simtcl 6-16] Simulation closed
launch_simulation
INFO: [Vivado 12-5682] Launching behavioral simulation in 'C:/Users/ASA/Desktop/Digital Pulse Detection/Digital Pulse Detection.sim/sim_1/behav/xsim'
INFO: [SIM-utils-51] Simulation object is 'sim_1'
INFO: [SIM-utils-54] Inspecting design source files for 'tb_Filter' in fileset 'sim_1'...
INFO: [USF-XSim-97] Finding global include files...
INFO: [USF-XSim-98] Fetching design files from 'sim_1'...
INFO: [USF-XSim-2] XSim::Compile design
INFO: [USF-XSim-61] Executing 'COMPILE and ANALYZE' step in 'C:/Users/ASA/Desktop/Digital Pulse Detection/Digital Pulse Detection.sim/sim_1/behav/xsim'
"xvhdl --incr --relax -prj tb_Filter_vhdl.prj"
INFO: [VRFC 10-163] Analyzing VHDL file "C:/Users/ASA/Desktop/Digital Pulse Detection/Digital Pulse Detection.srcs/sources_1/new/Glitch Filter.vhd" into library xil_defaultlib
INFO: [VRFC 10-3107] analyzing entity 'Glitch_Filter'
INFO: [VRFC 10-163] Analyzing VHDL file "C:/Users/ASA/Desktop/Digital Pulse Detection/Digital Pulse Detection.srcs/sim_1/new/TB_Filter.vhd" into library xil_defaultlib
INFO: [VRFC 10-3107] analyzing entity 'tb_Filter'
INFO: [USF-XSim-69] 'compile' step finished in '1' seconds
INFO: [USF-XSim-3] XSim::Elaborate design
INFO: [USF-XSim-61] Executing 'ELABORATE' step in 'C:/Users/ASA/Desktop/Digital Pulse Detection/Digital Pulse Detection.sim/sim_1/behav/xsim'
"xelab -wto 7058c215b71d4a7b877a5b2561376859 --incr --debug typical --relax --mt 2 -L xil_defaultlib -L secureip --snapshot tb_Filter_behav xil_defaultlib.tb_Filter -log elaborate.log"
Vivado Simulator 2019.1
Copyright 1986-1999, 2001-2019 Xilinx, Inc. All Rights Reserved.
Running: E:/Xilinx/Vivado/2019.1/bin/unwrapped/win64.o/xelab.exe -wto 7058c215b71d4a7b877a5b2561376859 --incr --debug typical --relax --mt 2 -L xil_defaultlib -L secureip --snapshot tb_Filter_behav xil_defaultlib.tb_Filter -log elaborate.log 
Using 2 slave threads.
Starting static elaboration
Completed static elaboration
Starting simulation data flow analysis
Completed simulation data flow analysis
Time Resolution for simulation is 1ps
Compiling package std.standard
Compiling package std.textio
Compiling package ieee.std_logic_1164
Compiling package ieee.numeric_std
Compiling architecture rtl of entity xil_defaultlib.Glitch_Filter [glitch_filter_default]
Compiling architecture behavioral of entity xil_defaultlib.tb_filter
Built simulation snapshot tb_Filter_behav
INFO: [USF-XSim-69] 'elaborate' step finished in '1' seconds
INFO: [USF-XSim-4] XSim::Simulate design
INFO: [USF-XSim-61] Executing 'SIMULATE' step in 'C:/Users/ASA/Desktop/Digital Pulse Detection/Digital Pulse Detection.sim/sim_1/behav/xsim'
INFO: [USF-XSim-98] *** Running xsim
   with args "tb_Filter_behav -key {Behavioral:sim_1:Functional:tb_Filter} -tclbatch {tb_Filter.tcl} -log {simulate.log}"
INFO: [USF-XSim-8] Loading simulator feature
Vivado Simulator 2019.1
Time resolution is 1 ps
source tb_Filter.tcl
# set curr_wave [current_wave_config]
# if { [string length $curr_wave] == 0 } {
#   if { [llength [get_objects]] > 0} {
#     add_wave /
#     set_property needs_save false [current_wave_config]
#   } else {
#      send_msg_id Add_Wave-1 WARNING "No top level signals found. Simulator will start without a wave window. If you want to open a wave window go to 'File->New Waveform Configuration' or type 'create_wave_config' in the TCL console."
#   }
# }
# run 1000ns
INFO: [USF-XSim-96] XSim completed. Design snapshot 'tb_Filter_behav' loaded.
INFO: [USF-XSim-97] XSim simulation ran for 1000ns
current_wave_config {Untitled 9}
Untitled 9
add_wave {{/tb_Filter/DUT/test}} 
current_wave_config {Untitled 9}
Untitled 9
add_wave {{/tb_Filter/DUT/cnt}} 
restart
INFO: [Simtcl 6-17] Simulation restarted
run 300 us
close_sim
INFO: [Simtcl 6-16] Simulation closed
launch_simulation
INFO: [Vivado 12-5682] Launching behavioral simulation in 'C:/Users/ASA/Desktop/Digital Pulse Detection/Digital Pulse Detection.sim/sim_1/behav/xsim'
INFO: [SIM-utils-51] Simulation object is 'sim_1'
INFO: [SIM-utils-54] Inspecting design source files for 'tb_Filter' in fileset 'sim_1'...
INFO: [USF-XSim-97] Finding global include files...
INFO: [USF-XSim-98] Fetching design files from 'sim_1'...
INFO: [USF-XSim-2] XSim::Compile design
INFO: [USF-XSim-61] Executing 'COMPILE and ANALYZE' step in 'C:/Users/ASA/Desktop/Digital Pulse Detection/Digital Pulse Detection.sim/sim_1/behav/xsim'
"xvhdl --incr --relax -prj tb_Filter_vhdl.prj"
INFO: [VRFC 10-163] Analyzing VHDL file "C:/Users/ASA/Desktop/Digital Pulse Detection/Digital Pulse Detection.srcs/sources_1/new/Glitch Filter.vhd" into library xil_defaultlib
INFO: [VRFC 10-3107] analyzing entity 'Glitch_Filter'
INFO: [VRFC 10-163] Analyzing VHDL file "C:/Users/ASA/Desktop/Digital Pulse Detection/Digital Pulse Detection.srcs/sim_1/new/TB_Filter.vhd" into library xil_defaultlib
INFO: [VRFC 10-3107] analyzing entity 'tb_Filter'
INFO: [USF-XSim-69] 'compile' step finished in '1' seconds
INFO: [USF-XSim-3] XSim::Elaborate design
INFO: [USF-XSim-61] Executing 'ELABORATE' step in 'C:/Users/ASA/Desktop/Digital Pulse Detection/Digital Pulse Detection.sim/sim_1/behav/xsim'
"xelab -wto 7058c215b71d4a7b877a5b2561376859 --incr --debug typical --relax --mt 2 -L xil_defaultlib -L secureip --snapshot tb_Filter_behav xil_defaultlib.tb_Filter -log elaborate.log"
Vivado Simulator 2019.1
Copyright 1986-1999, 2001-2019 Xilinx, Inc. All Rights Reserved.
Running: E:/Xilinx/Vivado/2019.1/bin/unwrapped/win64.o/xelab.exe -wto 7058c215b71d4a7b877a5b2561376859 --incr --debug typical --relax --mt 2 -L xil_defaultlib -L secureip --snapshot tb_Filter_behav xil_defaultlib.tb_Filter -log elaborate.log 
Using 2 slave threads.
Starting static elaboration
Completed static elaboration
Starting simulation data flow analysis
Completed simulation data flow analysis
Time Resolution for simulation is 1ps
Compiling package std.standard
Compiling package std.textio
Compiling package ieee.std_logic_1164
Compiling package ieee.numeric_std
Compiling architecture rtl of entity xil_defaultlib.Glitch_Filter [glitch_filter_default]
Compiling architecture behavioral of entity xil_defaultlib.tb_filter
Built simulation snapshot tb_Filter_behav
INFO: [USF-XSim-69] 'elaborate' step finished in '1' seconds
INFO: [USF-XSim-4] XSim::Simulate design
INFO: [USF-XSim-61] Executing 'SIMULATE' step in 'C:/Users/ASA/Desktop/Digital Pulse Detection/Digital Pulse Detection.sim/sim_1/behav/xsim'
INFO: [USF-XSim-98] *** Running xsim
   with args "tb_Filter_behav -key {Behavioral:sim_1:Functional:tb_Filter} -tclbatch {tb_Filter.tcl} -log {simulate.log}"
INFO: [USF-XSim-8] Loading simulator feature
Vivado Simulator 2019.1
Time resolution is 1 ps
source tb_Filter.tcl
# set curr_wave [current_wave_config]
# if { [string length $curr_wave] == 0 } {
#   if { [llength [get_objects]] > 0} {
#     add_wave /
#     set_property needs_save false [current_wave_config]
#   } else {
#      send_msg_id Add_Wave-1 WARNING "No top level signals found. Simulator will start without a wave window. If you want to open a wave window go to 'File->New Waveform Configuration' or type 'create_wave_config' in the TCL console."
#   }
# }
# run 1000ns
INFO: [USF-XSim-96] XSim completed. Design snapshot 'tb_Filter_behav' loaded.
INFO: [USF-XSim-97] XSim simulation ran for 1000ns
close_sim
INFO: [Simtcl 6-16] Simulation closed
launch_simulation
INFO: [Vivado 12-5682] Launching behavioral simulation in 'C:/Users/ASA/Desktop/Digital Pulse Detection/Digital Pulse Detection.sim/sim_1/behav/xsim'
INFO: [SIM-utils-51] Simulation object is 'sim_1'
INFO: [SIM-utils-54] Inspecting design source files for 'tb_Filter' in fileset 'sim_1'...
INFO: [USF-XSim-97] Finding global include files...
INFO: [USF-XSim-98] Fetching design files from 'sim_1'...
INFO: [USF-XSim-2] XSim::Compile design
INFO: [USF-XSim-61] Executing 'COMPILE and ANALYZE' step in 'C:/Users/ASA/Desktop/Digital Pulse Detection/Digital Pulse Detection.sim/sim_1/behav/xsim'
"xvhdl --incr --relax -prj tb_Filter_vhdl.prj"
INFO: [VRFC 10-163] Analyzing VHDL file "C:/Users/ASA/Desktop/Digital Pulse Detection/Digital Pulse Detection.srcs/sources_1/new/Glitch Filter.vhd" into library xil_defaultlib
INFO: [VRFC 10-3107] analyzing entity 'Glitch_Filter'
INFO: [VRFC 10-163] Analyzing VHDL file "C:/Users/ASA/Desktop/Digital Pulse Detection/Digital Pulse Detection.srcs/sim_1/new/TB_Filter.vhd" into library xil_defaultlib
INFO: [VRFC 10-3107] analyzing entity 'tb_Filter'
INFO: [USF-XSim-69] 'compile' step finished in '1' seconds
INFO: [USF-XSim-3] XSim::Elaborate design
INFO: [USF-XSim-61] Executing 'ELABORATE' step in 'C:/Users/ASA/Desktop/Digital Pulse Detection/Digital Pulse Detection.sim/sim_1/behav/xsim'
"xelab -wto 7058c215b71d4a7b877a5b2561376859 --incr --debug typical --relax --mt 2 -L xil_defaultlib -L secureip --snapshot tb_Filter_behav xil_defaultlib.tb_Filter -log elaborate.log"
Vivado Simulator 2019.1
Copyright 1986-1999, 2001-2019 Xilinx, Inc. All Rights Reserved.
Running: E:/Xilinx/Vivado/2019.1/bin/unwrapped/win64.o/xelab.exe -wto 7058c215b71d4a7b877a5b2561376859 --incr --debug typical --relax --mt 2 -L xil_defaultlib -L secureip --snapshot tb_Filter_behav xil_defaultlib.tb_Filter -log elaborate.log 
Using 2 slave threads.
Starting static elaboration
Completed static elaboration
Starting simulation data flow analysis
Completed simulation data flow analysis
Time Resolution for simulation is 1ps
Compiling package std.standard
Compiling package std.textio
Compiling package ieee.std_logic_1164
Compiling package ieee.numeric_std
Compiling architecture rtl of entity xil_defaultlib.Glitch_Filter [glitch_filter_default]
Compiling architecture behavioral of entity xil_defaultlib.tb_filter
Built simulation snapshot tb_Filter_behav
INFO: [USF-XSim-69] 'elaborate' step finished in '1' seconds
INFO: [USF-XSim-4] XSim::Simulate design
INFO: [USF-XSim-61] Executing 'SIMULATE' step in 'C:/Users/ASA/Desktop/Digital Pulse Detection/Digital Pulse Detection.sim/sim_1/behav/xsim'
INFO: [USF-XSim-98] *** Running xsim
   with args "tb_Filter_behav -key {Behavioral:sim_1:Functional:tb_Filter} -tclbatch {tb_Filter.tcl} -log {simulate.log}"
INFO: [USF-XSim-8] Loading simulator feature
Vivado Simulator 2019.1
Time resolution is 1 ps
source tb_Filter.tcl
# set curr_wave [current_wave_config]
# if { [string length $curr_wave] == 0 } {
#   if { [llength [get_objects]] > 0} {
#     add_wave /
#     set_property needs_save false [current_wave_config]
#   } else {
#      send_msg_id Add_Wave-1 WARNING "No top level signals found. Simulator will start without a wave window. If you want to open a wave window go to 'File->New Waveform Configuration' or type 'create_wave_config' in the TCL console."
#   }
# }
# run 1000ns
INFO: [USF-XSim-96] XSim completed. Design snapshot 'tb_Filter_behav' loaded.
INFO: [USF-XSim-97] XSim simulation ran for 1000ns
current_wave_config {Untitled 11}
Untitled 11
add_wave {{/tb_Filter/DUT/test}} 
current_wave_config {Untitled 11}
Untitled 11
add_wave {{/tb_Filter/DUT/cnt}} 
restart
INFO: [Simtcl 6-17] Simulation restarted
run 300 us
close_sim
INFO: [Simtcl 6-16] Simulation closed
launch_simulation
INFO: [Vivado 12-5682] Launching behavioral simulation in 'C:/Users/ASA/Desktop/Digital Pulse Detection/Digital Pulse Detection.sim/sim_1/behav/xsim'
INFO: [SIM-utils-51] Simulation object is 'sim_1'
INFO: [SIM-utils-54] Inspecting design source files for 'tb_Filter' in fileset 'sim_1'...
INFO: [USF-XSim-97] Finding global include files...
INFO: [USF-XSim-98] Fetching design files from 'sim_1'...
INFO: [USF-XSim-2] XSim::Compile design
INFO: [USF-XSim-61] Executing 'COMPILE and ANALYZE' step in 'C:/Users/ASA/Desktop/Digital Pulse Detection/Digital Pulse Detection.sim/sim_1/behav/xsim'
"xvhdl --incr --relax -prj tb_Filter_vhdl.prj"
INFO: [VRFC 10-163] Analyzing VHDL file "C:/Users/ASA/Desktop/Digital Pulse Detection/Digital Pulse Detection.srcs/sources_1/new/Glitch Filter.vhd" into library xil_defaultlib
INFO: [VRFC 10-3107] analyzing entity 'Glitch_Filter'
INFO: [VRFC 10-163] Analyzing VHDL file "C:/Users/ASA/Desktop/Digital Pulse Detection/Digital Pulse Detection.srcs/sim_1/new/TB_Filter.vhd" into library xil_defaultlib
INFO: [VRFC 10-3107] analyzing entity 'tb_Filter'
INFO: [USF-XSim-69] 'compile' step finished in '1' seconds
INFO: [USF-XSim-3] XSim::Elaborate design
INFO: [USF-XSim-61] Executing 'ELABORATE' step in 'C:/Users/ASA/Desktop/Digital Pulse Detection/Digital Pulse Detection.sim/sim_1/behav/xsim'
"xelab -wto 7058c215b71d4a7b877a5b2561376859 --incr --debug typical --relax --mt 2 -L xil_defaultlib -L secureip --snapshot tb_Filter_behav xil_defaultlib.tb_Filter -log elaborate.log"
Vivado Simulator 2019.1
Copyright 1986-1999, 2001-2019 Xilinx, Inc. All Rights Reserved.
Running: E:/Xilinx/Vivado/2019.1/bin/unwrapped/win64.o/xelab.exe -wto 7058c215b71d4a7b877a5b2561376859 --incr --debug typical --relax --mt 2 -L xil_defaultlib -L secureip --snapshot tb_Filter_behav xil_defaultlib.tb_Filter -log elaborate.log 
Using 2 slave threads.
Starting static elaboration
Completed static elaboration
Starting simulation data flow analysis
Completed simulation data flow analysis
Time Resolution for simulation is 1ps
Compiling package std.standard
Compiling package std.textio
Compiling package ieee.std_logic_1164
Compiling package ieee.numeric_std
Compiling architecture rtl of entity xil_defaultlib.Glitch_Filter [glitch_filter_default]
Compiling architecture behavioral of entity xil_defaultlib.tb_filter
Built simulation snapshot tb_Filter_behav
INFO: [USF-XSim-69] 'elaborate' step finished in '1' seconds
INFO: [USF-XSim-4] XSim::Simulate design
INFO: [USF-XSim-61] Executing 'SIMULATE' step in 'C:/Users/ASA/Desktop/Digital Pulse Detection/Digital Pulse Detection.sim/sim_1/behav/xsim'
INFO: [USF-XSim-98] *** Running xsim
   with args "tb_Filter_behav -key {Behavioral:sim_1:Functional:tb_Filter} -tclbatch {tb_Filter.tcl} -log {simulate.log}"
INFO: [USF-XSim-8] Loading simulator feature
Vivado Simulator 2019.1
Time resolution is 1 ps
source tb_Filter.tcl
# set curr_wave [current_wave_config]
# if { [string length $curr_wave] == 0 } {
#   if { [llength [get_objects]] > 0} {
#     add_wave /
#     set_property needs_save false [current_wave_config]
#   } else {
#      send_msg_id Add_Wave-1 WARNING "No top level signals found. Simulator will start without a wave window. If you want to open a wave window go to 'File->New Waveform Configuration' or type 'create_wave_config' in the TCL console."
#   }
# }
# run 1000ns
INFO: [USF-XSim-96] XSim completed. Design snapshot 'tb_Filter_behav' loaded.
INFO: [USF-XSim-97] XSim simulation ran for 1000ns
close_sim
INFO: [Simtcl 6-16] Simulation closed
launch_simulation
INFO: [Vivado 12-5682] Launching behavioral simulation in 'C:/Users/ASA/Desktop/Digital Pulse Detection/Digital Pulse Detection.sim/sim_1/behav/xsim'
INFO: [SIM-utils-51] Simulation object is 'sim_1'
INFO: [SIM-utils-54] Inspecting design source files for 'tb_Filter' in fileset 'sim_1'...
INFO: [USF-XSim-97] Finding global include files...
INFO: [USF-XSim-98] Fetching design files from 'sim_1'...
INFO: [USF-XSim-2] XSim::Compile design
INFO: [USF-XSim-61] Executing 'COMPILE and ANALYZE' step in 'C:/Users/ASA/Desktop/Digital Pulse Detection/Digital Pulse Detection.sim/sim_1/behav/xsim'
"xvhdl --incr --relax -prj tb_Filter_vhdl.prj"
INFO: [VRFC 10-163] Analyzing VHDL file "C:/Users/ASA/Desktop/Digital Pulse Detection/Digital Pulse Detection.srcs/sources_1/new/Glitch Filter.vhd" into library xil_defaultlib
INFO: [VRFC 10-3107] analyzing entity 'Glitch_Filter'
INFO: [VRFC 10-163] Analyzing VHDL file "C:/Users/ASA/Desktop/Digital Pulse Detection/Digital Pulse Detection.srcs/sim_1/new/TB_Filter.vhd" into library xil_defaultlib
INFO: [VRFC 10-3107] analyzing entity 'tb_Filter'
INFO: [USF-XSim-69] 'compile' step finished in '1' seconds
INFO: [USF-XSim-3] XSim::Elaborate design
INFO: [USF-XSim-61] Executing 'ELABORATE' step in 'C:/Users/ASA/Desktop/Digital Pulse Detection/Digital Pulse Detection.sim/sim_1/behav/xsim'
"xelab -wto 7058c215b71d4a7b877a5b2561376859 --incr --debug typical --relax --mt 2 -L xil_defaultlib -L secureip --snapshot tb_Filter_behav xil_defaultlib.tb_Filter -log elaborate.log"
Vivado Simulator 2019.1
Copyright 1986-1999, 2001-2019 Xilinx, Inc. All Rights Reserved.
Running: E:/Xilinx/Vivado/2019.1/bin/unwrapped/win64.o/xelab.exe -wto 7058c215b71d4a7b877a5b2561376859 --incr --debug typical --relax --mt 2 -L xil_defaultlib -L secureip --snapshot tb_Filter_behav xil_defaultlib.tb_Filter -log elaborate.log 
Using 2 slave threads.
Starting static elaboration
Completed static elaboration
Starting simulation data flow analysis
Completed simulation data flow analysis
Time Resolution for simulation is 1ps
Compiling package std.standard
Compiling package std.textio
Compiling package ieee.std_logic_1164
Compiling package ieee.numeric_std
Compiling architecture rtl of entity xil_defaultlib.Glitch_Filter [glitch_filter_default]
Compiling architecture behavioral of entity xil_defaultlib.tb_filter
Built simulation snapshot tb_Filter_behav
INFO: [USF-XSim-69] 'elaborate' step finished in '1' seconds
INFO: [USF-XSim-4] XSim::Simulate design
INFO: [USF-XSim-61] Executing 'SIMULATE' step in 'C:/Users/ASA/Desktop/Digital Pulse Detection/Digital Pulse Detection.sim/sim_1/behav/xsim'
INFO: [USF-XSim-98] *** Running xsim
   with args "tb_Filter_behav -key {Behavioral:sim_1:Functional:tb_Filter} -tclbatch {tb_Filter.tcl} -log {simulate.log}"
INFO: [USF-XSim-8] Loading simulator feature
Vivado Simulator 2019.1
Time resolution is 1 ps
source tb_Filter.tcl
# set curr_wave [current_wave_config]
# if { [string length $curr_wave] == 0 } {
#   if { [llength [get_objects]] > 0} {
#     add_wave /
#     set_property needs_save false [current_wave_config]
#   } else {
#      send_msg_id Add_Wave-1 WARNING "No top level signals found. Simulator will start without a wave window. If you want to open a wave window go to 'File->New Waveform Configuration' or type 'create_wave_config' in the TCL console."
#   }
# }
# run 1000ns
INFO: [USF-XSim-96] XSim completed. Design snapshot 'tb_Filter_behav' loaded.
INFO: [USF-XSim-97] XSim simulation ran for 1000ns
current_wave_config {Untitled 13}
Untitled 13
add_wave {{/tb_Filter/DUT/out_reg}} 
current_wave_config {Untitled 13}
Untitled 13
add_wave {{/tb_Filter/DUT/cnt}} 
current_wave_config {Untitled 13}
Untitled 13
add_wave {{/tb_Filter/DUT/test}} 
restart
INFO: [Simtcl 6-17] Simulation restarted
run 300 us
close_sim
INFO: [Simtcl 6-16] Simulation closed
launch_simulation
INFO: [Vivado 12-5682] Launching behavioral simulation in 'C:/Users/ASA/Desktop/Digital Pulse Detection/Digital Pulse Detection.sim/sim_1/behav/xsim'
INFO: [SIM-utils-51] Simulation object is 'sim_1'
INFO: [SIM-utils-54] Inspecting design source files for 'tb_Filter' in fileset 'sim_1'...
INFO: [USF-XSim-97] Finding global include files...
INFO: [USF-XSim-98] Fetching design files from 'sim_1'...
INFO: [USF-XSim-2] XSim::Compile design
INFO: [USF-XSim-61] Executing 'COMPILE and ANALYZE' step in 'C:/Users/ASA/Desktop/Digital Pulse Detection/Digital Pulse Detection.sim/sim_1/behav/xsim'
"xvhdl --incr --relax -prj tb_Filter_vhdl.prj"
INFO: [VRFC 10-163] Analyzing VHDL file "C:/Users/ASA/Desktop/Digital Pulse Detection/Digital Pulse Detection.srcs/sources_1/new/Glitch Filter.vhd" into library xil_defaultlib
INFO: [VRFC 10-3107] analyzing entity 'Glitch_Filter'
INFO: [VRFC 10-163] Analyzing VHDL file "C:/Users/ASA/Desktop/Digital Pulse Detection/Digital Pulse Detection.srcs/sim_1/new/TB_Filter.vhd" into library xil_defaultlib
INFO: [VRFC 10-3107] analyzing entity 'tb_Filter'
INFO: [USF-XSim-69] 'compile' step finished in '1' seconds
INFO: [USF-XSim-3] XSim::Elaborate design
INFO: [USF-XSim-61] Executing 'ELABORATE' step in 'C:/Users/ASA/Desktop/Digital Pulse Detection/Digital Pulse Detection.sim/sim_1/behav/xsim'
"xelab -wto 7058c215b71d4a7b877a5b2561376859 --incr --debug typical --relax --mt 2 -L xil_defaultlib -L secureip --snapshot tb_Filter_behav xil_defaultlib.tb_Filter -log elaborate.log"
Vivado Simulator 2019.1
Copyright 1986-1999, 2001-2019 Xilinx, Inc. All Rights Reserved.
Running: E:/Xilinx/Vivado/2019.1/bin/unwrapped/win64.o/xelab.exe -wto 7058c215b71d4a7b877a5b2561376859 --incr --debug typical --relax --mt 2 -L xil_defaultlib -L secureip --snapshot tb_Filter_behav xil_defaultlib.tb_Filter -log elaborate.log 
Using 2 slave threads.
Starting static elaboration
Completed static elaboration
Starting simulation data flow analysis
Completed simulation data flow analysis
Time Resolution for simulation is 1ps
Compiling package std.standard
Compiling package std.textio
Compiling package ieee.std_logic_1164
Compiling package ieee.numeric_std
Compiling architecture rtl of entity xil_defaultlib.Glitch_Filter [glitch_filter_default]
Compiling architecture behavioral of entity xil_defaultlib.tb_filter
Built simulation snapshot tb_Filter_behav
INFO: [USF-XSim-69] 'elaborate' step finished in '1' seconds
INFO: [USF-XSim-4] XSim::Simulate design
INFO: [USF-XSim-61] Executing 'SIMULATE' step in 'C:/Users/ASA/Desktop/Digital Pulse Detection/Digital Pulse Detection.sim/sim_1/behav/xsim'
INFO: [USF-XSim-98] *** Running xsim
   with args "tb_Filter_behav -key {Behavioral:sim_1:Functional:tb_Filter} -tclbatch {tb_Filter.tcl} -log {simulate.log}"
INFO: [USF-XSim-8] Loading simulator feature
Vivado Simulator 2019.1
Time resolution is 1 ps
source tb_Filter.tcl
# set curr_wave [current_wave_config]
# if { [string length $curr_wave] == 0 } {
#   if { [llength [get_objects]] > 0} {
#     add_wave /
#     set_property needs_save false [current_wave_config]
#   } else {
#      send_msg_id Add_Wave-1 WARNING "No top level signals found. Simulator will start without a wave window. If you want to open a wave window go to 'File->New Waveform Configuration' or type 'create_wave_config' in the TCL console."
#   }
# }
# run 1000ns
INFO: [USF-XSim-96] XSim completed. Design snapshot 'tb_Filter_behav' loaded.
INFO: [USF-XSim-97] XSim simulation ran for 1000ns
close_sim
INFO: [Simtcl 6-16] Simulation closed
launch_simulation
INFO: [Vivado 12-5682] Launching behavioral simulation in 'C:/Users/ASA/Desktop/Digital Pulse Detection/Digital Pulse Detection.sim/sim_1/behav/xsim'
INFO: [SIM-utils-51] Simulation object is 'sim_1'
INFO: [SIM-utils-54] Inspecting design source files for 'tb_Filter' in fileset 'sim_1'...
INFO: [USF-XSim-97] Finding global include files...
INFO: [USF-XSim-98] Fetching design files from 'sim_1'...
INFO: [USF-XSim-2] XSim::Compile design
INFO: [USF-XSim-61] Executing 'COMPILE and ANALYZE' step in 'C:/Users/ASA/Desktop/Digital Pulse Detection/Digital Pulse Detection.sim/sim_1/behav/xsim'
"xvhdl --incr --relax -prj tb_Filter_vhdl.prj"
INFO: [VRFC 10-163] Analyzing VHDL file "C:/Users/ASA/Desktop/Digital Pulse Detection/Digital Pulse Detection.srcs/sources_1/new/Glitch Filter.vhd" into library xil_defaultlib
INFO: [VRFC 10-3107] analyzing entity 'Glitch_Filter'
INFO: [VRFC 10-163] Analyzing VHDL file "C:/Users/ASA/Desktop/Digital Pulse Detection/Digital Pulse Detection.srcs/sim_1/new/TB_Filter.vhd" into library xil_defaultlib
INFO: [VRFC 10-3107] analyzing entity 'tb_Filter'
INFO: [USF-XSim-69] 'compile' step finished in '1' seconds
INFO: [USF-XSim-3] XSim::Elaborate design
INFO: [USF-XSim-61] Executing 'ELABORATE' step in 'C:/Users/ASA/Desktop/Digital Pulse Detection/Digital Pulse Detection.sim/sim_1/behav/xsim'
"xelab -wto 7058c215b71d4a7b877a5b2561376859 --incr --debug typical --relax --mt 2 -L xil_defaultlib -L secureip --snapshot tb_Filter_behav xil_defaultlib.tb_Filter -log elaborate.log"
Vivado Simulator 2019.1
Copyright 1986-1999, 2001-2019 Xilinx, Inc. All Rights Reserved.
Running: E:/Xilinx/Vivado/2019.1/bin/unwrapped/win64.o/xelab.exe -wto 7058c215b71d4a7b877a5b2561376859 --incr --debug typical --relax --mt 2 -L xil_defaultlib -L secureip --snapshot tb_Filter_behav xil_defaultlib.tb_Filter -log elaborate.log 
Using 2 slave threads.
Starting static elaboration
Completed static elaboration
Starting simulation data flow analysis
Completed simulation data flow analysis
Time Resolution for simulation is 1ps
Compiling package std.standard
Compiling package std.textio
Compiling package ieee.std_logic_1164
Compiling package ieee.numeric_std
Compiling architecture rtl of entity xil_defaultlib.Glitch_Filter [glitch_filter_default]
Compiling architecture behavioral of entity xil_defaultlib.tb_filter
Built simulation snapshot tb_Filter_behav
INFO: [USF-XSim-69] 'elaborate' step finished in '1' seconds
INFO: [USF-XSim-4] XSim::Simulate design
INFO: [USF-XSim-61] Executing 'SIMULATE' step in 'C:/Users/ASA/Desktop/Digital Pulse Detection/Digital Pulse Detection.sim/sim_1/behav/xsim'
INFO: [USF-XSim-98] *** Running xsim
   with args "tb_Filter_behav -key {Behavioral:sim_1:Functional:tb_Filter} -tclbatch {tb_Filter.tcl} -log {simulate.log}"
INFO: [USF-XSim-8] Loading simulator feature
Vivado Simulator 2019.1
Time resolution is 1 ps
source tb_Filter.tcl
# set curr_wave [current_wave_config]
# if { [string length $curr_wave] == 0 } {
#   if { [llength [get_objects]] > 0} {
#     add_wave /
#     set_property needs_save false [current_wave_config]
#   } else {
#      send_msg_id Add_Wave-1 WARNING "No top level signals found. Simulator will start without a wave window. If you want to open a wave window go to 'File->New Waveform Configuration' or type 'create_wave_config' in the TCL console."
#   }
# }
# run 1000ns
INFO: [USF-XSim-96] XSim completed. Design snapshot 'tb_Filter_behav' loaded.
INFO: [USF-XSim-97] XSim simulation ran for 1000ns
close_sim
INFO: [Simtcl 6-16] Simulation closed
launch_simulation
INFO: [Vivado 12-5682] Launching behavioral simulation in 'C:/Users/ASA/Desktop/Digital Pulse Detection/Digital Pulse Detection.sim/sim_1/behav/xsim'
INFO: [SIM-utils-51] Simulation object is 'sim_1'
INFO: [SIM-utils-54] Inspecting design source files for 'tb_Filter' in fileset 'sim_1'...
INFO: [USF-XSim-97] Finding global include files...
INFO: [USF-XSim-98] Fetching design files from 'sim_1'...
INFO: [USF-XSim-2] XSim::Compile design
INFO: [USF-XSim-61] Executing 'COMPILE and ANALYZE' step in 'C:/Users/ASA/Desktop/Digital Pulse Detection/Digital Pulse Detection.sim/sim_1/behav/xsim'
"xvhdl --incr --relax -prj tb_Filter_vhdl.prj"
INFO: [VRFC 10-163] Analyzing VHDL file "C:/Users/ASA/Desktop/Digital Pulse Detection/Digital Pulse Detection.srcs/sources_1/new/Glitch Filter.vhd" into library xil_defaultlib
INFO: [VRFC 10-3107] analyzing entity 'Glitch_Filter'
INFO: [VRFC 10-163] Analyzing VHDL file "C:/Users/ASA/Desktop/Digital Pulse Detection/Digital Pulse Detection.srcs/sim_1/new/TB_Filter.vhd" into library xil_defaultlib
INFO: [VRFC 10-3107] analyzing entity 'tb_Filter'
INFO: [USF-XSim-69] 'compile' step finished in '1' seconds
INFO: [USF-XSim-3] XSim::Elaborate design
INFO: [USF-XSim-61] Executing 'ELABORATE' step in 'C:/Users/ASA/Desktop/Digital Pulse Detection/Digital Pulse Detection.sim/sim_1/behav/xsim'
"xelab -wto 7058c215b71d4a7b877a5b2561376859 --incr --debug typical --relax --mt 2 -L xil_defaultlib -L secureip --snapshot tb_Filter_behav xil_defaultlib.tb_Filter -log elaborate.log"
Vivado Simulator 2019.1
Copyright 1986-1999, 2001-2019 Xilinx, Inc. All Rights Reserved.
Running: E:/Xilinx/Vivado/2019.1/bin/unwrapped/win64.o/xelab.exe -wto 7058c215b71d4a7b877a5b2561376859 --incr --debug typical --relax --mt 2 -L xil_defaultlib -L secureip --snapshot tb_Filter_behav xil_defaultlib.tb_Filter -log elaborate.log 
Using 2 slave threads.
Starting static elaboration
Completed static elaboration
Starting simulation data flow analysis
Completed simulation data flow analysis
Time Resolution for simulation is 1ps
Compiling package std.standard
Compiling package std.textio
Compiling package ieee.std_logic_1164
Compiling package ieee.numeric_std
Compiling architecture rtl of entity xil_defaultlib.Glitch_Filter [glitch_filter_default]
Compiling architecture behavioral of entity xil_defaultlib.tb_filter
Built simulation snapshot tb_Filter_behav
INFO: [USF-XSim-69] 'elaborate' step finished in '1' seconds
INFO: [USF-XSim-4] XSim::Simulate design
INFO: [USF-XSim-61] Executing 'SIMULATE' step in 'C:/Users/ASA/Desktop/Digital Pulse Detection/Digital Pulse Detection.sim/sim_1/behav/xsim'
INFO: [USF-XSim-98] *** Running xsim
   with args "tb_Filter_behav -key {Behavioral:sim_1:Functional:tb_Filter} -tclbatch {tb_Filter.tcl} -log {simulate.log}"
INFO: [USF-XSim-8] Loading simulator feature
Vivado Simulator 2019.1
Time resolution is 1 ps
source tb_Filter.tcl
# set curr_wave [current_wave_config]
# if { [string length $curr_wave] == 0 } {
#   if { [llength [get_objects]] > 0} {
#     add_wave /
#     set_property needs_save false [current_wave_config]
#   } else {
#      send_msg_id Add_Wave-1 WARNING "No top level signals found. Simulator will start without a wave window. If you want to open a wave window go to 'File->New Waveform Configuration' or type 'create_wave_config' in the TCL console."
#   }
# }
# run 1000ns
INFO: [USF-XSim-96] XSim completed. Design snapshot 'tb_Filter_behav' loaded.
INFO: [USF-XSim-97] XSim simulation ran for 1000ns
close_sim
INFO: [Simtcl 6-16] Simulation closed
launch_simulation
INFO: [Vivado 12-5682] Launching behavioral simulation in 'C:/Users/ASA/Desktop/Digital Pulse Detection/Digital Pulse Detection.sim/sim_1/behav/xsim'
INFO: [SIM-utils-51] Simulation object is 'sim_1'
INFO: [SIM-utils-54] Inspecting design source files for 'tb_Filter' in fileset 'sim_1'...
INFO: [USF-XSim-97] Finding global include files...
INFO: [USF-XSim-98] Fetching design files from 'sim_1'...
INFO: [USF-XSim-2] XSim::Compile design
INFO: [USF-XSim-61] Executing 'COMPILE and ANALYZE' step in 'C:/Users/ASA/Desktop/Digital Pulse Detection/Digital Pulse Detection.sim/sim_1/behav/xsim'
"xvhdl --incr --relax -prj tb_Filter_vhdl.prj"
INFO: [VRFC 10-163] Analyzing VHDL file "C:/Users/ASA/Desktop/Digital Pulse Detection/Digital Pulse Detection.srcs/sources_1/new/Glitch Filter.vhd" into library xil_defaultlib
INFO: [VRFC 10-3107] analyzing entity 'Glitch_Filter'
INFO: [VRFC 10-163] Analyzing VHDL file "C:/Users/ASA/Desktop/Digital Pulse Detection/Digital Pulse Detection.srcs/sim_1/new/TB_Filter.vhd" into library xil_defaultlib
INFO: [VRFC 10-3107] analyzing entity 'tb_Filter'
INFO: [USF-XSim-69] 'compile' step finished in '1' seconds
INFO: [USF-XSim-3] XSim::Elaborate design
INFO: [USF-XSim-61] Executing 'ELABORATE' step in 'C:/Users/ASA/Desktop/Digital Pulse Detection/Digital Pulse Detection.sim/sim_1/behav/xsim'
"xelab -wto 7058c215b71d4a7b877a5b2561376859 --incr --debug typical --relax --mt 2 -L xil_defaultlib -L secureip --snapshot tb_Filter_behav xil_defaultlib.tb_Filter -log elaborate.log"
Vivado Simulator 2019.1
Copyright 1986-1999, 2001-2019 Xilinx, Inc. All Rights Reserved.
Running: E:/Xilinx/Vivado/2019.1/bin/unwrapped/win64.o/xelab.exe -wto 7058c215b71d4a7b877a5b2561376859 --incr --debug typical --relax --mt 2 -L xil_defaultlib -L secureip --snapshot tb_Filter_behav xil_defaultlib.tb_Filter -log elaborate.log 
Using 2 slave threads.
Starting static elaboration
Completed static elaboration
Starting simulation data flow analysis
Completed simulation data flow analysis
Time Resolution for simulation is 1ps
Compiling package std.standard
Compiling package std.textio
Compiling package ieee.std_logic_1164
Compiling package ieee.numeric_std
Compiling architecture rtl of entity xil_defaultlib.Glitch_Filter [glitch_filter_default]
Compiling architecture behavioral of entity xil_defaultlib.tb_filter
Built simulation snapshot tb_Filter_behav
INFO: [USF-XSim-69] 'elaborate' step finished in '1' seconds
INFO: [USF-XSim-4] XSim::Simulate design
INFO: [USF-XSim-61] Executing 'SIMULATE' step in 'C:/Users/ASA/Desktop/Digital Pulse Detection/Digital Pulse Detection.sim/sim_1/behav/xsim'
INFO: [USF-XSim-98] *** Running xsim
   with args "tb_Filter_behav -key {Behavioral:sim_1:Functional:tb_Filter} -tclbatch {tb_Filter.tcl} -log {simulate.log}"
INFO: [USF-XSim-8] Loading simulator feature
Vivado Simulator 2019.1
Time resolution is 1 ps
source tb_Filter.tcl
# set curr_wave [current_wave_config]
# if { [string length $curr_wave] == 0 } {
#   if { [llength [get_objects]] > 0} {
#     add_wave /
#     set_property needs_save false [current_wave_config]
#   } else {
#      send_msg_id Add_Wave-1 WARNING "No top level signals found. Simulator will start without a wave window. If you want to open a wave window go to 'File->New Waveform Configuration' or type 'create_wave_config' in the TCL console."
#   }
# }
# run 1000ns
INFO: [USF-XSim-96] XSim completed. Design snapshot 'tb_Filter_behav' loaded.
INFO: [USF-XSim-97] XSim simulation ran for 1000ns
close_sim
INFO: [Simtcl 6-16] Simulation closed
exit
INFO: [Common 17-206] Exiting Vivado at Sat Nov 29 20:39:12 2025...
