#-----------------------------------------------------------
# Vivado v2019.1 (64-bit)
# SW Build 2552052 on Fri May 24 14:49:42 MDT 2019
# IP Build 2548770 on Fri May 24 18:01:18 MDT 2019
# Start of session at: Tue Dec  9 16:47:22 2025
# Process ID: 9436
# Current directory: C:/Users/ASA/Desktop/Digital Pulse Detection
# Command line: vivado.exe -gui_launcher_event rodinguilauncherevent13536 C:\Users\ASA\Desktop\Digital Pulse Detection\Digital Pulse Detection.xpr
# Log file: C:/Users/ASA/Desktop/Digital Pulse Detection/vivado.log
# Journal file: C:/Users/ASA/Desktop/Digital Pulse Detection\vivado.jou
#-----------------------------------------------------------
start_gui
open_project {C:/Users/ASA/Desktop/Digital Pulse Detection/Digital Pulse Detection.xpr}
Scanning sources...
Finished scanning sources
INFO: [IP_Flow 19-234] Refreshing IP repositories
INFO: [IP_Flow 19-1704] No user IP repositories specified
INFO: [IP_Flow 19-2313] Loaded Vivado IP repository 'E:/Xilinx/Vivado/2019.1/data/ip'.
open_project: Time (s): cpu = 00:00:14 ; elapsed = 00:00:17 . Memory (MB): peak = 775.844 ; gain = 175.438
update_compile_order -fileset sources_1
set_property top tb_Main [get_filesets sim_1]
set_property top_lib xil_defaultlib [get_filesets sim_1]
update_compile_order -fileset sim_1
launch_simulation
INFO: [Vivado 12-5682] Launching behavioral simulation in 'C:/Users/ASA/Desktop/Digital Pulse Detection/Digital Pulse Detection.sim/sim_1/behav/xsim'
INFO: [SIM-utils-51] Simulation object is 'sim_1'
INFO: [SIM-utils-54] Inspecting design source files for 'tb_Main' in fileset 'sim_1'...
INFO: [USF-XSim-97] Finding global include files...
INFO: [USF-XSim-98] Fetching design files from 'sim_1'...
INFO: [USF-XSim-2] XSim::Compile design
INFO: [USF-XSim-61] Executing 'COMPILE and ANALYZE' step in 'C:/Users/ASA/Desktop/Digital Pulse Detection/Digital Pulse Detection.sim/sim_1/behav/xsim'
"xvhdl --incr --relax -prj tb_Main_vhdl.prj"
INFO: [VRFC 10-163] Analyzing VHDL file "C:/Users/ASA/Desktop/Digital Pulse Detection/Digital Pulse Detection.srcs/sim_1/new/TB_Main.vhd" into library xil_defaultlib
INFO: [VRFC 10-3107] analyzing entity 'tb_Main'
INFO: [USF-XSim-69] 'compile' step finished in '3' seconds
INFO: [USF-XSim-3] XSim::Elaborate design
INFO: [USF-XSim-61] Executing 'ELABORATE' step in 'C:/Users/ASA/Desktop/Digital Pulse Detection/Digital Pulse Detection.sim/sim_1/behav/xsim'
"xelab -wto 7058c215b71d4a7b877a5b2561376859 --incr --debug typical --relax --mt 2 -L xil_defaultlib -L secureip --snapshot tb_Main_behav xil_defaultlib.tb_Main -log elaborate.log"
Vivado Simulator 2019.1
Copyright 1986-1999, 2001-2019 Xilinx, Inc. All Rights Reserved.
Running: E:/Xilinx/Vivado/2019.1/bin/unwrapped/win64.o/xelab.exe -wto 7058c215b71d4a7b877a5b2561376859 --incr --debug typical --relax --mt 2 -L xil_defaultlib -L secureip --snapshot tb_Main_behav xil_defaultlib.tb_Main -log elaborate.log 
Using 2 slave threads.
Starting static elaboration
Completed static elaboration
Starting simulation data flow analysis
Completed simulation data flow analysis
Time Resolution for simulation is 1ps
Compiling package std.standard
Compiling package std.textio
Compiling package ieee.std_logic_1164
Compiling package ieee.numeric_std
Compiling architecture rtl of entity xil_defaultlib.Glitch_Filter_V2 [glitch_filter_v2_default]
Compiling architecture behavioral of entity xil_defaultlib.Main [main_default]
Compiling architecture behavioral of entity xil_defaultlib.tb_main
Built simulation snapshot tb_Main_behav

****** Webtalk v2019.1 (64-bit)
  **** SW Build 2552052 on Fri May 24 14:49:42 MDT 2019
  **** IP Build 2548770 on Fri May 24 18:01:18 MDT 2019
    ** Copyright 1986-2019 Xilinx, Inc. All Rights Reserved.

source C:/Users/ASA/Desktop/Digital -notrace
couldn't read file "C:/Users/ASA/Desktop/Digital": no such file or directory
INFO: [Common 17-206] Exiting Webtalk at Tue Dec  9 16:52:54 2025...
run_program: Time (s): cpu = 00:00:00 ; elapsed = 00:00:06 . Memory (MB): peak = 826.359 ; gain = 0.000
INFO: [USF-XSim-69] 'elaborate' step finished in '6' seconds
INFO: [USF-XSim-4] XSim::Simulate design
INFO: [USF-XSim-61] Executing 'SIMULATE' step in 'C:/Users/ASA/Desktop/Digital Pulse Detection/Digital Pulse Detection.sim/sim_1/behav/xsim'
INFO: [USF-XSim-98] *** Running xsim
   with args "tb_Main_behav -key {Behavioral:sim_1:Functional:tb_Main} -tclbatch {tb_Main.tcl} -log {simulate.log}"
INFO: [USF-XSim-8] Loading simulator feature
Vivado Simulator 2019.1
Time resolution is 1 ps
source tb_Main.tcl
# set curr_wave [current_wave_config]
# if { [string length $curr_wave] == 0 } {
#   if { [llength [get_objects]] > 0} {
#     add_wave /
#     set_property needs_save false [current_wave_config]
#   } else {
#      send_msg_id Add_Wave-1 WARNING "No top level signals found. Simulator will start without a wave window. If you want to open a wave window go to 'File->New Waveform Configuration' or type 'create_wave_config' in the TCL console."
#   }
# }
# run 1000ns
INFO: [USF-XSim-96] XSim completed. Design snapshot 'tb_Main_behav' loaded.
INFO: [USF-XSim-97] XSim simulation ran for 1000ns
launch_simulation: Time (s): cpu = 00:00:07 ; elapsed = 00:00:14 . Memory (MB): peak = 842.133 ; gain = 15.773
close_sim
INFO: [Simtcl 6-16] Simulation closed
exit
INFO: [Common 17-206] Exiting Vivado at Tue Dec  9 16:54:41 2025...
