#-----------------------------------------------------------
# Vivado v2019.1 (64-bit)
# SW Build 2552052 on Fri May 24 14:49:42 MDT 2019
# IP Build 2548770 on Fri May 24 18:01:18 MDT 2019
# Start of session at: Mon Dec  8 22:46:21 2025
# Process ID: 4308
# Current directory: C:/Users/ASA/Desktop/Digital Pulse Detection
# Command line: vivado.exe -gui_launcher_event rodinguilauncherevent15592 C:\Users\ASA\Desktop\Digital Pulse Detection\Digital Pulse Detection.xpr
# Log file: C:/Users/ASA/Desktop/Digital Pulse Detection/vivado.log
# Journal file: C:/Users/ASA/Desktop/Digital Pulse Detection\vivado.jou
#-----------------------------------------------------------
start_gui
open_project {C:/Users/ASA/Desktop/Digital Pulse Detection/Digital Pulse Detection.xpr}
Scanning sources...
Finished scanning sources
INFO: [IP_Flow 19-234] Refreshing IP repositories
INFO: [IP_Flow 19-1704] No user IP repositories specified
INFO: [IP_Flow 19-2313] Loaded Vivado IP repository 'E:/Xilinx/Vivado/2019.1/data/ip'.
open_project: Time (s): cpu = 00:00:13 ; elapsed = 00:00:12 . Memory (MB): peak = 768.004 ; gain = 151.059
update_compile_order -fileset sources_1
close [ open {C:/Users/ASA/Desktop/Digital Pulse Detection/Digital Pulse Detection.srcs/sources_1/new/Glitch_Filter_V3.vhd} w ]
add_files {{C:/Users/ASA/Desktop/Digital Pulse Detection/Digital Pulse Detection.srcs/sources_1/new/Glitch_Filter_V3.vhd}}
update_compile_order -fileset sources_1
launch_simulation
INFO: [Vivado 12-5682] Launching behavioral simulation in 'C:/Users/ASA/Desktop/Digital Pulse Detection/Digital Pulse Detection.sim/sim_1/behav/xsim'
INFO: [SIM-utils-51] Simulation object is 'sim_1'
INFO: [SIM-utils-54] Inspecting design source files for 'tb_Filter' in fileset 'sim_1'...
INFO: [USF-XSim-97] Finding global include files...
INFO: [USF-XSim-98] Fetching design files from 'sim_1'...
INFO: [USF-XSim-2] XSim::Compile design
INFO: [USF-XSim-61] Executing 'COMPILE and ANALYZE' step in 'C:/Users/ASA/Desktop/Digital Pulse Detection/Digital Pulse Detection.sim/sim_1/behav/xsim'
"xvhdl --incr --relax -prj tb_Filter_vhdl.prj"
INFO: [VRFC 10-163] Analyzing VHDL file "C:/Users/ASA/Desktop/Digital Pulse Detection/Digital Pulse Detection.srcs/sources_1/new/Glitch_Filter_V3.vhd" into library xil_defaultlib
INFO: [VRFC 10-3107] analyzing entity 'Glitch_Filter_V3'
INFO: [VRFC 10-163] Analyzing VHDL file "C:/Users/ASA/Desktop/Digital Pulse Detection/Digital Pulse Detection.srcs/sim_1/new/TB_Filter.vhd" into library xil_defaultlib
INFO: [VRFC 10-3107] analyzing entity 'tb_Filter'
INFO: [USF-XSim-69] 'compile' step finished in '1' seconds
INFO: [USF-XSim-3] XSim::Elaborate design
INFO: [USF-XSim-61] Executing 'ELABORATE' step in 'C:/Users/ASA/Desktop/Digital Pulse Detection/Digital Pulse Detection.sim/sim_1/behav/xsim'
"xelab -wto 7058c215b71d4a7b877a5b2561376859 --incr --debug typical --relax --mt 2 -L xil_defaultlib -L secureip --snapshot tb_Filter_behav xil_defaultlib.tb_Filter -log elaborate.log"
Vivado Simulator 2019.1
Copyright 1986-1999, 2001-2019 Xilinx, Inc. All Rights Reserved.
Running: E:/Xilinx/Vivado/2019.1/bin/unwrapped/win64.o/xelab.exe -wto 7058c215b71d4a7b877a5b2561376859 --incr --debug typical --relax --mt 2 -L xil_defaultlib -L secureip --snapshot tb_Filter_behav xil_defaultlib.tb_Filter -log elaborate.log 
Using 2 slave threads.
Starting static elaboration
Completed static elaboration
Starting simulation data flow analysis
Completed simulation data flow analysis
Time Resolution for simulation is 1ps
Compiling package std.standard
Compiling package std.textio
Compiling package ieee.std_logic_1164
Compiling package ieee.numeric_std
Compiling architecture behavioral of entity xil_defaultlib.Glitch_Filter_V3 [glitch_filter_v3_default]
Compiling architecture behavioral of entity xil_defaultlib.tb_filter
Built simulation snapshot tb_Filter_behav
INFO: [USF-XSim-69] 'elaborate' step finished in '5' seconds
INFO: [USF-XSim-4] XSim::Simulate design
INFO: [USF-XSim-61] Executing 'SIMULATE' step in 'C:/Users/ASA/Desktop/Digital Pulse Detection/Digital Pulse Detection.sim/sim_1/behav/xsim'
INFO: [USF-XSim-98] *** Running xsim
   with args "tb_Filter_behav -key {Behavioral:sim_1:Functional:tb_Filter} -tclbatch {tb_Filter.tcl} -log {simulate.log}"
INFO: [USF-XSim-8] Loading simulator feature
Vivado Simulator 2019.1
Time resolution is 1 ps
source tb_Filter.tcl
# set curr_wave [current_wave_config]
# if { [string length $curr_wave] == 0 } {
#   if { [llength [get_objects]] > 0} {
#     add_wave /
#     set_property needs_save false [current_wave_config]
#   } else {
#      send_msg_id Add_Wave-1 WARNING "No top level signals found. Simulator will start without a wave window. If you want to open a wave window go to 'File->New Waveform Configuration' or type 'create_wave_config' in the TCL console."
#   }
# }
# run 1000ns
INFO: [USF-XSim-96] XSim completed. Design snapshot 'tb_Filter_behav' loaded.
INFO: [USF-XSim-97] XSim simulation ran for 1000ns
launch_simulation: Time (s): cpu = 00:00:08 ; elapsed = 00:00:11 . Memory (MB): peak = 809.820 ; gain = 6.965
close_sim
INFO: [Simtcl 6-16] Simulation closed
launch_simulation
INFO: [Vivado 12-5682] Launching behavioral simulation in 'C:/Users/ASA/Desktop/Digital Pulse Detection/Digital Pulse Detection.sim/sim_1/behav/xsim'
INFO: [SIM-utils-51] Simulation object is 'sim_1'
INFO: [SIM-utils-54] Inspecting design source files for 'tb_Filter' in fileset 'sim_1'...
INFO: [USF-XSim-97] Finding global include files...
INFO: [USF-XSim-98] Fetching design files from 'sim_1'...
INFO: [USF-XSim-2] XSim::Compile design
INFO: [USF-XSim-61] Executing 'COMPILE and ANALYZE' step in 'C:/Users/ASA/Desktop/Digital Pulse Detection/Digital Pulse Detection.sim/sim_1/behav/xsim'
"xvhdl --incr --relax -prj tb_Filter_vhdl.prj"
INFO: [VRFC 10-163] Analyzing VHDL file "C:/Users/ASA/Desktop/Digital Pulse Detection/Digital Pulse Detection.srcs/sources_1/new/Glitch_Filter_V3.vhd" into library xil_defaultlib
INFO: [VRFC 10-3107] analyzing entity 'Glitch_Filter_V3'
INFO: [VRFC 10-163] Analyzing VHDL file "C:/Users/ASA/Desktop/Digital Pulse Detection/Digital Pulse Detection.srcs/sim_1/new/TB_Filter.vhd" into library xil_defaultlib
INFO: [VRFC 10-3107] analyzing entity 'tb_Filter'
INFO: [USF-XSim-69] 'compile' step finished in '1' seconds
INFO: [USF-XSim-3] XSim::Elaborate design
INFO: [USF-XSim-61] Executing 'ELABORATE' step in 'C:/Users/ASA/Desktop/Digital Pulse Detection/Digital Pulse Detection.sim/sim_1/behav/xsim'
"xelab -wto 7058c215b71d4a7b877a5b2561376859 --incr --debug typical --relax --mt 2 -L xil_defaultlib -L secureip --snapshot tb_Filter_behav xil_defaultlib.tb_Filter -log elaborate.log"
Vivado Simulator 2019.1
Copyright 1986-1999, 2001-2019 Xilinx, Inc. All Rights Reserved.
Running: E:/Xilinx/Vivado/2019.1/bin/unwrapped/win64.o/xelab.exe -wto 7058c215b71d4a7b877a5b2561376859 --incr --debug typical --relax --mt 2 -L xil_defaultlib -L secureip --snapshot tb_Filter_behav xil_defaultlib.tb_Filter -log elaborate.log 
Using 2 slave threads.
Starting static elaboration
Completed static elaboration
Starting simulation data flow analysis
Completed simulation data flow analysis
Time Resolution for simulation is 1ps
Compiling package std.standard
Compiling package std.textio
Compiling package ieee.std_logic_1164
Compiling package ieee.numeric_std
Compiling architecture behavioral of entity xil_defaultlib.Glitch_Filter_V3 [glitch_filter_v3_default]
Compiling architecture behavioral of entity xil_defaultlib.tb_filter
Built simulation snapshot tb_Filter_behav
INFO: [USF-XSim-69] 'elaborate' step finished in '1' seconds
INFO: [USF-XSim-4] XSim::Simulate design
INFO: [USF-XSim-61] Executing 'SIMULATE' step in 'C:/Users/ASA/Desktop/Digital Pulse Detection/Digital Pulse Detection.sim/sim_1/behav/xsim'
INFO: [USF-XSim-98] *** Running xsim
   with args "tb_Filter_behav -key {Behavioral:sim_1:Functional:tb_Filter} -tclbatch {tb_Filter.tcl} -log {simulate.log}"
INFO: [USF-XSim-8] Loading simulator feature
Vivado Simulator 2019.1
Time resolution is 1 ps
source tb_Filter.tcl
# set curr_wave [current_wave_config]
# if { [string length $curr_wave] == 0 } {
#   if { [llength [get_objects]] > 0} {
#     add_wave /
#     set_property needs_save false [current_wave_config]
#   } else {
#      send_msg_id Add_Wave-1 WARNING "No top level signals found. Simulator will start without a wave window. If you want to open a wave window go to 'File->New Waveform Configuration' or type 'create_wave_config' in the TCL console."
#   }
# }
# run 1000ns
INFO: [USF-XSim-96] XSim completed. Design snapshot 'tb_Filter_behav' loaded.
INFO: [USF-XSim-97] XSim simulation ran for 1000ns
close_sim
INFO: [Simtcl 6-16] Simulation closed
launch_simulation
INFO: [Vivado 12-5682] Launching behavioral simulation in 'C:/Users/ASA/Desktop/Digital Pulse Detection/Digital Pulse Detection.sim/sim_1/behav/xsim'
INFO: [SIM-utils-51] Simulation object is 'sim_1'
INFO: [SIM-utils-54] Inspecting design source files for 'tb_Filter' in fileset 'sim_1'...
INFO: [USF-XSim-97] Finding global include files...
INFO: [USF-XSim-98] Fetching design files from 'sim_1'...
INFO: [USF-XSim-2] XSim::Compile design
INFO: [USF-XSim-61] Executing 'COMPILE and ANALYZE' step in 'C:/Users/ASA/Desktop/Digital Pulse Detection/Digital Pulse Detection.sim/sim_1/behav/xsim'
"xvhdl --incr --relax -prj tb_Filter_vhdl.prj"
INFO: [VRFC 10-163] Analyzing VHDL file "C:/Users/ASA/Desktop/Digital Pulse Detection/Digital Pulse Detection.srcs/sources_1/new/Glitch_Filter_V3.vhd" into library xil_defaultlib
INFO: [VRFC 10-3107] analyzing entity 'Glitch_Filter_V3'
INFO: [VRFC 10-163] Analyzing VHDL file "C:/Users/ASA/Desktop/Digital Pulse Detection/Digital Pulse Detection.srcs/sim_1/new/TB_Filter.vhd" into library xil_defaultlib
INFO: [VRFC 10-3107] analyzing entity 'tb_Filter'
INFO: [USF-XSim-69] 'compile' step finished in '1' seconds
INFO: [USF-XSim-3] XSim::Elaborate design
INFO: [USF-XSim-61] Executing 'ELABORATE' step in 'C:/Users/ASA/Desktop/Digital Pulse Detection/Digital Pulse Detection.sim/sim_1/behav/xsim'
"xelab -wto 7058c215b71d4a7b877a5b2561376859 --incr --debug typical --relax --mt 2 -L xil_defaultlib -L secureip --snapshot tb_Filter_behav xil_defaultlib.tb_Filter -log elaborate.log"
Vivado Simulator 2019.1
Copyright 1986-1999, 2001-2019 Xilinx, Inc. All Rights Reserved.
Running: E:/Xilinx/Vivado/2019.1/bin/unwrapped/win64.o/xelab.exe -wto 7058c215b71d4a7b877a5b2561376859 --incr --debug typical --relax --mt 2 -L xil_defaultlib -L secureip --snapshot tb_Filter_behav xil_defaultlib.tb_Filter -log elaborate.log 
Using 2 slave threads.
Starting static elaboration
ERROR: [VRFC 10-191] OTHERS is illegal aggregate choice for unconstrained target [C:/Users/ASA/Desktop/Digital Pulse Detection/Digital Pulse Detection.srcs/sources_1/new/Glitch_Filter_V3.vhd:44]
ERROR: [XSIM 43-3321] Static elaboration of top level VHDL design unit tb_filter in library work failed.
INFO: [USF-XSim-69] 'elaborate' step finished in '1' seconds
INFO: [USF-XSim-99] Step results log file:'C:/Users/ASA/Desktop/Digital Pulse Detection/Digital Pulse Detection.sim/sim_1/behav/xsim/elaborate.log'
ERROR: [USF-XSim-62] 'elaborate' step failed with error(s). Please check the Tcl console output or 'C:/Users/ASA/Desktop/Digital Pulse Detection/Digital Pulse Detection.sim/sim_1/behav/xsim/elaborate.log' file for more information.
ERROR: [Vivado 12-4473] Detected error while running simulation. Please correct the issue and retry this operation.
ERROR: [Common 17-39] 'launch_simulation' failed due to earlier errors.
launch_simulation
INFO: [Vivado 12-5682] Launching behavioral simulation in 'C:/Users/ASA/Desktop/Digital Pulse Detection/Digital Pulse Detection.sim/sim_1/behav/xsim'
INFO: [SIM-utils-51] Simulation object is 'sim_1'
INFO: [SIM-utils-54] Inspecting design source files for 'tb_Filter' in fileset 'sim_1'...
INFO: [USF-XSim-97] Finding global include files...
INFO: [USF-XSim-98] Fetching design files from 'sim_1'...
INFO: [USF-XSim-2] XSim::Compile design
INFO: [USF-XSim-61] Executing 'COMPILE and ANALYZE' step in 'C:/Users/ASA/Desktop/Digital Pulse Detection/Digital Pulse Detection.sim/sim_1/behav/xsim'
"xvhdl --incr --relax -prj tb_Filter_vhdl.prj"
INFO: [USF-XSim-69] 'compile' step finished in '1' seconds
INFO: [USF-XSim-3] XSim::Elaborate design
INFO: [USF-XSim-61] Executing 'ELABORATE' step in 'C:/Users/ASA/Desktop/Digital Pulse Detection/Digital Pulse Detection.sim/sim_1/behav/xsim'
"xelab -wto 7058c215b71d4a7b877a5b2561376859 --incr --debug typical --relax --mt 2 -L xil_defaultlib -L secureip --snapshot tb_Filter_behav xil_defaultlib.tb_Filter -log elaborate.log"
Vivado Simulator 2019.1
Copyright 1986-1999, 2001-2019 Xilinx, Inc. All Rights Reserved.
Running: E:/Xilinx/Vivado/2019.1/bin/unwrapped/win64.o/xelab.exe -wto 7058c215b71d4a7b877a5b2561376859 --incr --debug typical --relax --mt 2 -L xil_defaultlib -L secureip --snapshot tb_Filter_behav xil_defaultlib.tb_Filter -log elaborate.log 
Using 2 slave threads.
Starting static elaboration
ERROR: [VRFC 10-191] OTHERS is illegal aggregate choice for unconstrained target [C:/Users/ASA/Desktop/Digital Pulse Detection/Digital Pulse Detection.srcs/sources_1/new/Glitch_Filter_V3.vhd:44]
ERROR: [XSIM 43-3321] Static elaboration of top level VHDL design unit tb_filter in library work failed.
INFO: [USF-XSim-69] 'elaborate' step finished in '1' seconds
INFO: [USF-XSim-99] Step results log file:'C:/Users/ASA/Desktop/Digital Pulse Detection/Digital Pulse Detection.sim/sim_1/behav/xsim/elaborate.log'
ERROR: [USF-XSim-62] 'elaborate' step failed with error(s). Please check the Tcl console output or 'C:/Users/ASA/Desktop/Digital Pulse Detection/Digital Pulse Detection.sim/sim_1/behav/xsim/elaborate.log' file for more information.
ERROR: [Vivado 12-4473] Detected error while running simulation. Please correct the issue and retry this operation.
ERROR: [Common 17-39] 'launch_simulation' failed due to earlier errors.
launch_simulation
INFO: [Vivado 12-5682] Launching behavioral simulation in 'C:/Users/ASA/Desktop/Digital Pulse Detection/Digital Pulse Detection.sim/sim_1/behav/xsim'
INFO: [SIM-utils-51] Simulation object is 'sim_1'
INFO: [SIM-utils-54] Inspecting design source files for 'tb_Filter' in fileset 'sim_1'...
INFO: [USF-XSim-97] Finding global include files...
INFO: [USF-XSim-98] Fetching design files from 'sim_1'...
INFO: [USF-XSim-2] XSim::Compile design
INFO: [USF-XSim-61] Executing 'COMPILE and ANALYZE' step in 'C:/Users/ASA/Desktop/Digital Pulse Detection/Digital Pulse Detection.sim/sim_1/behav/xsim'
"xvhdl --incr --relax -prj tb_Filter_vhdl.prj"
INFO: [VRFC 10-163] Analyzing VHDL file "C:/Users/ASA/Desktop/Digital Pulse Detection/Digital Pulse Detection.srcs/sources_1/new/Glitch_Filter_V3.vhd" into library xil_defaultlib
INFO: [VRFC 10-3107] analyzing entity 'Glitch_Filter_V3'
INFO: [VRFC 10-163] Analyzing VHDL file "C:/Users/ASA/Desktop/Digital Pulse Detection/Digital Pulse Detection.srcs/sim_1/new/TB_Filter.vhd" into library xil_defaultlib
INFO: [VRFC 10-3107] analyzing entity 'tb_Filter'
INFO: [USF-XSim-69] 'compile' step finished in '1' seconds
INFO: [USF-XSim-3] XSim::Elaborate design
INFO: [USF-XSim-61] Executing 'ELABORATE' step in 'C:/Users/ASA/Desktop/Digital Pulse Detection/Digital Pulse Detection.sim/sim_1/behav/xsim'
"xelab -wto 7058c215b71d4a7b877a5b2561376859 --incr --debug typical --relax --mt 2 -L xil_defaultlib -L secureip --snapshot tb_Filter_behav xil_defaultlib.tb_Filter -log elaborate.log"
Vivado Simulator 2019.1
Copyright 1986-1999, 2001-2019 Xilinx, Inc. All Rights Reserved.
Running: E:/Xilinx/Vivado/2019.1/bin/unwrapped/win64.o/xelab.exe -wto 7058c215b71d4a7b877a5b2561376859 --incr --debug typical --relax --mt 2 -L xil_defaultlib -L secureip --snapshot tb_Filter_behav xil_defaultlib.tb_Filter -log elaborate.log 
Using 2 slave threads.
Starting static elaboration
Completed static elaboration
Starting simulation data flow analysis
Completed simulation data flow analysis
Time Resolution for simulation is 1ps
Compiling package std.standard
Compiling package std.textio
Compiling package ieee.std_logic_1164
Compiling package ieee.numeric_std
Compiling architecture behavioral of entity xil_defaultlib.Glitch_Filter_V3 [glitch_filter_v3_default]
Compiling architecture behavioral of entity xil_defaultlib.tb_filter
Built simulation snapshot tb_Filter_behav
INFO: [USF-XSim-69] 'elaborate' step finished in '2' seconds
INFO: [USF-XSim-4] XSim::Simulate design
INFO: [USF-XSim-61] Executing 'SIMULATE' step in 'C:/Users/ASA/Desktop/Digital Pulse Detection/Digital Pulse Detection.sim/sim_1/behav/xsim'
INFO: [USF-XSim-98] *** Running xsim
   with args "tb_Filter_behav -key {Behavioral:sim_1:Functional:tb_Filter} -tclbatch {tb_Filter.tcl} -log {simulate.log}"
INFO: [USF-XSim-8] Loading simulator feature
Vivado Simulator 2019.1
Time resolution is 1 ps
source tb_Filter.tcl
# set curr_wave [current_wave_config]
# if { [string length $curr_wave] == 0 } {
#   if { [llength [get_objects]] > 0} {
#     add_wave /
#     set_property needs_save false [current_wave_config]
#   } else {
#      send_msg_id Add_Wave-1 WARNING "No top level signals found. Simulator will start without a wave window. If you want to open a wave window go to 'File->New Waveform Configuration' or type 'create_wave_config' in the TCL console."
#   }
# }
# run 1000ns
INFO: [USF-XSim-96] XSim completed. Design snapshot 'tb_Filter_behav' loaded.
INFO: [USF-XSim-97] XSim simulation ran for 1000ns
launch_simulation: Time (s): cpu = 00:00:03 ; elapsed = 00:00:06 . Memory (MB): peak = 1052.836 ; gain = 0.000
close_sim
INFO: [Simtcl 6-16] Simulation closed
launch_simulation
INFO: [Vivado 12-5682] Launching behavioral simulation in 'C:/Users/ASA/Desktop/Digital Pulse Detection/Digital Pulse Detection.sim/sim_1/behav/xsim'
INFO: [SIM-utils-51] Simulation object is 'sim_1'
INFO: [SIM-utils-54] Inspecting design source files for 'tb_Filter' in fileset 'sim_1'...
INFO: [USF-XSim-97] Finding global include files...
INFO: [USF-XSim-98] Fetching design files from 'sim_1'...
INFO: [USF-XSim-2] XSim::Compile design
INFO: [USF-XSim-61] Executing 'COMPILE and ANALYZE' step in 'C:/Users/ASA/Desktop/Digital Pulse Detection/Digital Pulse Detection.sim/sim_1/behav/xsim'
"xvhdl --incr --relax -prj tb_Filter_vhdl.prj"
INFO: [VRFC 10-163] Analyzing VHDL file "C:/Users/ASA/Desktop/Digital Pulse Detection/Digital Pulse Detection.srcs/sources_1/new/Glitch_Filter_V3.vhd" into library xil_defaultlib
INFO: [VRFC 10-3107] analyzing entity 'Glitch_Filter_V3'
INFO: [VRFC 10-163] Analyzing VHDL file "C:/Users/ASA/Desktop/Digital Pulse Detection/Digital Pulse Detection.srcs/sim_1/new/TB_Filter.vhd" into library xil_defaultlib
INFO: [VRFC 10-3107] analyzing entity 'tb_Filter'
INFO: [USF-XSim-69] 'compile' step finished in '1' seconds
INFO: [USF-XSim-3] XSim::Elaborate design
INFO: [USF-XSim-61] Executing 'ELABORATE' step in 'C:/Users/ASA/Desktop/Digital Pulse Detection/Digital Pulse Detection.sim/sim_1/behav/xsim'
"xelab -wto 7058c215b71d4a7b877a5b2561376859 --incr --debug typical --relax --mt 2 -L xil_defaultlib -L secureip --snapshot tb_Filter_behav xil_defaultlib.tb_Filter -log elaborate.log"
Vivado Simulator 2019.1
Copyright 1986-1999, 2001-2019 Xilinx, Inc. All Rights Reserved.
Running: E:/Xilinx/Vivado/2019.1/bin/unwrapped/win64.o/xelab.exe -wto 7058c215b71d4a7b877a5b2561376859 --incr --debug typical --relax --mt 2 -L xil_defaultlib -L secureip --snapshot tb_Filter_behav xil_defaultlib.tb_Filter -log elaborate.log 
Using 2 slave threads.
Starting static elaboration
Completed static elaboration
Starting simulation data flow analysis
Completed simulation data flow analysis
Time Resolution for simulation is 1ps
Compiling package std.standard
Compiling package std.textio
Compiling package ieee.std_logic_1164
Compiling package ieee.numeric_std
Compiling architecture behavioral of entity xil_defaultlib.Glitch_Filter_V3 [glitch_filter_v3_default]
Compiling architecture behavioral of entity xil_defaultlib.tb_filter
Built simulation snapshot tb_Filter_behav
INFO: [USF-XSim-69] 'elaborate' step finished in '1' seconds
INFO: [USF-XSim-4] XSim::Simulate design
INFO: [USF-XSim-61] Executing 'SIMULATE' step in 'C:/Users/ASA/Desktop/Digital Pulse Detection/Digital Pulse Detection.sim/sim_1/behav/xsim'
INFO: [USF-XSim-98] *** Running xsim
   with args "tb_Filter_behav -key {Behavioral:sim_1:Functional:tb_Filter} -tclbatch {tb_Filter.tcl} -log {simulate.log}"
INFO: [USF-XSim-8] Loading simulator feature
Vivado Simulator 2019.1
Time resolution is 1 ps
source tb_Filter.tcl
# set curr_wave [current_wave_config]
# if { [string length $curr_wave] == 0 } {
#   if { [llength [get_objects]] > 0} {
#     add_wave /
#     set_property needs_save false [current_wave_config]
#   } else {
#      send_msg_id Add_Wave-1 WARNING "No top level signals found. Simulator will start without a wave window. If you want to open a wave window go to 'File->New Waveform Configuration' or type 'create_wave_config' in the TCL console."
#   }
# }
# run 1000ns
INFO: [USF-XSim-96] XSim completed. Design snapshot 'tb_Filter_behav' loaded.
INFO: [USF-XSim-97] XSim simulation ran for 1000ns
launch_simulation: Time (s): cpu = 00:00:03 ; elapsed = 00:00:06 . Memory (MB): peak = 1052.836 ; gain = 0.000
close_sim
INFO: [Simtcl 6-16] Simulation closed
launch_simulation
INFO: [Vivado 12-5682] Launching behavioral simulation in 'C:/Users/ASA/Desktop/Digital Pulse Detection/Digital Pulse Detection.sim/sim_1/behav/xsim'
INFO: [SIM-utils-51] Simulation object is 'sim_1'
INFO: [SIM-utils-54] Inspecting design source files for 'tb_Filter' in fileset 'sim_1'...
INFO: [USF-XSim-97] Finding global include files...
INFO: [USF-XSim-98] Fetching design files from 'sim_1'...
INFO: [USF-XSim-2] XSim::Compile design
INFO: [USF-XSim-61] Executing 'COMPILE and ANALYZE' step in 'C:/Users/ASA/Desktop/Digital Pulse Detection/Digital Pulse Detection.sim/sim_1/behav/xsim'
"xvhdl --incr --relax -prj tb_Filter_vhdl.prj"
INFO: [VRFC 10-163] Analyzing VHDL file "C:/Users/ASA/Desktop/Digital Pulse Detection/Digital Pulse Detection.srcs/sources_1/new/Glitch_Filter_V3.vhd" into library xil_defaultlib
INFO: [VRFC 10-3107] analyzing entity 'Glitch_Filter_V3'
INFO: [VRFC 10-163] Analyzing VHDL file "C:/Users/ASA/Desktop/Digital Pulse Detection/Digital Pulse Detection.srcs/sim_1/new/TB_Filter.vhd" into library xil_defaultlib
INFO: [VRFC 10-3107] analyzing entity 'tb_Filter'
INFO: [USF-XSim-69] 'compile' step finished in '1' seconds
INFO: [USF-XSim-3] XSim::Elaborate design
INFO: [USF-XSim-61] Executing 'ELABORATE' step in 'C:/Users/ASA/Desktop/Digital Pulse Detection/Digital Pulse Detection.sim/sim_1/behav/xsim'
"xelab -wto 7058c215b71d4a7b877a5b2561376859 --incr --debug typical --relax --mt 2 -L xil_defaultlib -L secureip --snapshot tb_Filter_behav xil_defaultlib.tb_Filter -log elaborate.log"
Vivado Simulator 2019.1
Copyright 1986-1999, 2001-2019 Xilinx, Inc. All Rights Reserved.
Running: E:/Xilinx/Vivado/2019.1/bin/unwrapped/win64.o/xelab.exe -wto 7058c215b71d4a7b877a5b2561376859 --incr --debug typical --relax --mt 2 -L xil_defaultlib -L secureip --snapshot tb_Filter_behav xil_defaultlib.tb_Filter -log elaborate.log 
Using 2 slave threads.
Starting static elaboration
Completed static elaboration
Starting simulation data flow analysis
Completed simulation data flow analysis
Time Resolution for simulation is 1ps
Compiling package std.standard
Compiling package std.textio
Compiling package ieee.std_logic_1164
Compiling package ieee.numeric_std
Compiling architecture rtl of entity xil_defaultlib.Glitch_Filter_V3 [glitch_filter_v3_default]
Compiling architecture behavioral of entity xil_defaultlib.tb_filter
Built simulation snapshot tb_Filter_behav
INFO: [USF-XSim-69] 'elaborate' step finished in '1' seconds
INFO: [USF-XSim-4] XSim::Simulate design
INFO: [USF-XSim-61] Executing 'SIMULATE' step in 'C:/Users/ASA/Desktop/Digital Pulse Detection/Digital Pulse Detection.sim/sim_1/behav/xsim'
INFO: [USF-XSim-98] *** Running xsim
   with args "tb_Filter_behav -key {Behavioral:sim_1:Functional:tb_Filter} -tclbatch {tb_Filter.tcl} -log {simulate.log}"
INFO: [USF-XSim-8] Loading simulator feature
Vivado Simulator 2019.1
Time resolution is 1 ps
source tb_Filter.tcl
# set curr_wave [current_wave_config]
# if { [string length $curr_wave] == 0 } {
#   if { [llength [get_objects]] > 0} {
#     add_wave /
#     set_property needs_save false [current_wave_config]
#   } else {
#      send_msg_id Add_Wave-1 WARNING "No top level signals found. Simulator will start without a wave window. If you want to open a wave window go to 'File->New Waveform Configuration' or type 'create_wave_config' in the TCL console."
#   }
# }
# run 1000ns
INFO: [USF-XSim-96] XSim completed. Design snapshot 'tb_Filter_behav' loaded.
INFO: [USF-XSim-97] XSim simulation ran for 1000ns
close_sim
INFO: [Simtcl 6-16] Simulation closed
launch_simulation
INFO: [Vivado 12-5682] Launching behavioral simulation in 'C:/Users/ASA/Desktop/Digital Pulse Detection/Digital Pulse Detection.sim/sim_1/behav/xsim'
INFO: [SIM-utils-51] Simulation object is 'sim_1'
INFO: [SIM-utils-54] Inspecting design source files for 'tb_Filter' in fileset 'sim_1'...
INFO: [USF-XSim-97] Finding global include files...
INFO: [USF-XSim-98] Fetching design files from 'sim_1'...
INFO: [USF-XSim-2] XSim::Compile design
INFO: [USF-XSim-61] Executing 'COMPILE and ANALYZE' step in 'C:/Users/ASA/Desktop/Digital Pulse Detection/Digital Pulse Detection.sim/sim_1/behav/xsim'
"xvhdl --incr --relax -prj tb_Filter_vhdl.prj"
INFO: [VRFC 10-163] Analyzing VHDL file "C:/Users/ASA/Desktop/Digital Pulse Detection/Digital Pulse Detection.srcs/sources_1/new/Glitch_Filter_V3.vhd" into library xil_defaultlib
INFO: [VRFC 10-3107] analyzing entity 'Glitch_Filter_V3'
ERROR: [VRFC 10-1334] return statement outside a subprogram [C:/Users/ASA/Desktop/Digital Pulse Detection/Digital Pulse Detection.srcs/sources_1/new/Glitch_Filter_V3.vhd:37]
ERROR: [VRFC 10-3782] unit 'behavioral' ignored due to previous errors [C:/Users/ASA/Desktop/Digital Pulse Detection/Digital Pulse Detection.srcs/sources_1/new/Glitch_Filter_V3.vhd:15]
INFO: [VRFC 10-3070] VHDL file 'C:/Users/ASA/Desktop/Digital Pulse Detection/Digital Pulse Detection.srcs/sources_1/new/Glitch_Filter_V3.vhd' ignored due to errors
INFO: [USF-XSim-69] 'compile' step finished in '1' seconds
INFO: [USF-XSim-99] Step results log file:'C:/Users/ASA/Desktop/Digital Pulse Detection/Digital Pulse Detection.sim/sim_1/behav/xsim/xvhdl.log'
ERROR: [USF-XSim-62] 'compile' step failed with error(s). Please check the Tcl console output or 'C:/Users/ASA/Desktop/Digital Pulse Detection/Digital Pulse Detection.sim/sim_1/behav/xsim/xvhdl.log' file for more information.
ERROR: [Vivado 12-4473] Detected error while running simulation. Please correct the issue and retry this operation.
ERROR: [Common 17-39] 'launch_simulation' failed due to earlier errors.
launch_simulation
INFO: [Vivado 12-5682] Launching behavioral simulation in 'C:/Users/ASA/Desktop/Digital Pulse Detection/Digital Pulse Detection.sim/sim_1/behav/xsim'
INFO: [SIM-utils-51] Simulation object is 'sim_1'
INFO: [SIM-utils-54] Inspecting design source files for 'tb_Filter' in fileset 'sim_1'...
INFO: [USF-XSim-97] Finding global include files...
INFO: [USF-XSim-98] Fetching design files from 'sim_1'...
INFO: [USF-XSim-2] XSim::Compile design
INFO: [USF-XSim-61] Executing 'COMPILE and ANALYZE' step in 'C:/Users/ASA/Desktop/Digital Pulse Detection/Digital Pulse Detection.sim/sim_1/behav/xsim'
"xvhdl --incr --relax -prj tb_Filter_vhdl.prj"
INFO: [VRFC 10-163] Analyzing VHDL file "C:/Users/ASA/Desktop/Digital Pulse Detection/Digital Pulse Detection.srcs/sources_1/new/Glitch_Filter_V3.vhd" into library xil_defaultlib
INFO: [VRFC 10-3107] analyzing entity 'Glitch_Filter_V3'
INFO: [VRFC 10-163] Analyzing VHDL file "C:/Users/ASA/Desktop/Digital Pulse Detection/Digital Pulse Detection.srcs/sim_1/new/TB_Filter.vhd" into library xil_defaultlib
INFO: [VRFC 10-3107] analyzing entity 'tb_Filter'
INFO: [USF-XSim-69] 'compile' step finished in '1' seconds
INFO: [USF-XSim-3] XSim::Elaborate design
INFO: [USF-XSim-61] Executing 'ELABORATE' step in 'C:/Users/ASA/Desktop/Digital Pulse Detection/Digital Pulse Detection.sim/sim_1/behav/xsim'
"xelab -wto 7058c215b71d4a7b877a5b2561376859 --incr --debug typical --relax --mt 2 -L xil_defaultlib -L secureip --snapshot tb_Filter_behav xil_defaultlib.tb_Filter -log elaborate.log"
Vivado Simulator 2019.1
Copyright 1986-1999, 2001-2019 Xilinx, Inc. All Rights Reserved.
Running: E:/Xilinx/Vivado/2019.1/bin/unwrapped/win64.o/xelab.exe -wto 7058c215b71d4a7b877a5b2561376859 --incr --debug typical --relax --mt 2 -L xil_defaultlib -L secureip --snapshot tb_Filter_behav xil_defaultlib.tb_Filter -log elaborate.log 
Using 2 slave threads.
Starting static elaboration
Completed static elaboration
Starting simulation data flow analysis
Completed simulation data flow analysis
Time Resolution for simulation is 1ps
Compiling package std.standard
Compiling package std.textio
Compiling package ieee.std_logic_1164
Compiling package ieee.numeric_std
Compiling architecture behavioral of entity xil_defaultlib.Glitch_Filter_V3 [glitch_filter_v3_default]
Compiling architecture behavioral of entity xil_defaultlib.tb_filter
Built simulation snapshot tb_Filter_behav
INFO: [USF-XSim-69] 'elaborate' step finished in '1' seconds
INFO: [USF-XSim-4] XSim::Simulate design
INFO: [USF-XSim-61] Executing 'SIMULATE' step in 'C:/Users/ASA/Desktop/Digital Pulse Detection/Digital Pulse Detection.sim/sim_1/behav/xsim'
INFO: [USF-XSim-98] *** Running xsim
   with args "tb_Filter_behav -key {Behavioral:sim_1:Functional:tb_Filter} -tclbatch {tb_Filter.tcl} -log {simulate.log}"
INFO: [USF-XSim-8] Loading simulator feature
Vivado Simulator 2019.1
Time resolution is 1 ps
source tb_Filter.tcl
# set curr_wave [current_wave_config]
# if { [string length $curr_wave] == 0 } {
#   if { [llength [get_objects]] > 0} {
#     add_wave /
#     set_property needs_save false [current_wave_config]
#   } else {
#      send_msg_id Add_Wave-1 WARNING "No top level signals found. Simulator will start without a wave window. If you want to open a wave window go to 'File->New Waveform Configuration' or type 'create_wave_config' in the TCL console."
#   }
# }
# run 1000ns
INFO: [USF-XSim-96] XSim completed. Design snapshot 'tb_Filter_behav' loaded.
INFO: [USF-XSim-97] XSim simulation ran for 1000ns
close_sim
INFO: [Simtcl 6-16] Simulation closed
launch_simulation
INFO: [Vivado 12-5682] Launching behavioral simulation in 'C:/Users/ASA/Desktop/Digital Pulse Detection/Digital Pulse Detection.sim/sim_1/behav/xsim'
INFO: [SIM-utils-51] Simulation object is 'sim_1'
INFO: [SIM-utils-54] Inspecting design source files for 'tb_Filter' in fileset 'sim_1'...
INFO: [USF-XSim-97] Finding global include files...
INFO: [USF-XSim-98] Fetching design files from 'sim_1'...
INFO: [USF-XSim-2] XSim::Compile design
INFO: [USF-XSim-61] Executing 'COMPILE and ANALYZE' step in 'C:/Users/ASA/Desktop/Digital Pulse Detection/Digital Pulse Detection.sim/sim_1/behav/xsim'
"xvhdl --incr --relax -prj tb_Filter_vhdl.prj"
INFO: [VRFC 10-163] Analyzing VHDL file "C:/Users/ASA/Desktop/Digital Pulse Detection/Digital Pulse Detection.srcs/sim_1/new/TB_Filter.vhd" into library xil_defaultlib
INFO: [VRFC 10-3107] analyzing entity 'tb_Filter'
INFO: [USF-XSim-69] 'compile' step finished in '1' seconds
INFO: [USF-XSim-3] XSim::Elaborate design
INFO: [USF-XSim-61] Executing 'ELABORATE' step in 'C:/Users/ASA/Desktop/Digital Pulse Detection/Digital Pulse Detection.sim/sim_1/behav/xsim'
"xelab -wto 7058c215b71d4a7b877a5b2561376859 --incr --debug typical --relax --mt 2 -L xil_defaultlib -L secureip --snapshot tb_Filter_behav xil_defaultlib.tb_Filter -log elaborate.log"
Vivado Simulator 2019.1
Copyright 1986-1999, 2001-2019 Xilinx, Inc. All Rights Reserved.
Running: E:/Xilinx/Vivado/2019.1/bin/unwrapped/win64.o/xelab.exe -wto 7058c215b71d4a7b877a5b2561376859 --incr --debug typical --relax --mt 2 -L xil_defaultlib -L secureip --snapshot tb_Filter_behav xil_defaultlib.tb_Filter -log elaborate.log 
Using 2 slave threads.
Starting static elaboration
Completed static elaboration
Starting simulation data flow analysis
Completed simulation data flow analysis
Time Resolution for simulation is 1ps
Compiling package std.standard
Compiling package std.textio
Compiling package ieee.std_logic_1164
Compiling package ieee.numeric_std
Compiling architecture rtl of entity xil_defaultlib.Glitch_Filter_V2 [glitch_filter_v2_default]
Compiling architecture behavioral of entity xil_defaultlib.tb_filter
Built simulation snapshot tb_Filter_behav
INFO: [USF-XSim-69] 'elaborate' step finished in '1' seconds
INFO: [USF-XSim-4] XSim::Simulate design
INFO: [USF-XSim-61] Executing 'SIMULATE' step in 'C:/Users/ASA/Desktop/Digital Pulse Detection/Digital Pulse Detection.sim/sim_1/behav/xsim'
INFO: [USF-XSim-98] *** Running xsim
   with args "tb_Filter_behav -key {Behavioral:sim_1:Functional:tb_Filter} -tclbatch {tb_Filter.tcl} -log {simulate.log}"
INFO: [USF-XSim-8] Loading simulator feature
Vivado Simulator 2019.1
Time resolution is 1 ps
source tb_Filter.tcl
# set curr_wave [current_wave_config]
# if { [string length $curr_wave] == 0 } {
#   if { [llength [get_objects]] > 0} {
#     add_wave /
#     set_property needs_save false [current_wave_config]
#   } else {
#      send_msg_id Add_Wave-1 WARNING "No top level signals found. Simulator will start without a wave window. If you want to open a wave window go to 'File->New Waveform Configuration' or type 'create_wave_config' in the TCL console."
#   }
# }
# run 1000ns
INFO: [USF-XSim-96] XSim completed. Design snapshot 'tb_Filter_behav' loaded.
INFO: [USF-XSim-97] XSim simulation ran for 1000ns
current_wave_config {Untitled 7}
Untitled 7
add_wave {{/tb_Filter/DUT/count}} 
current_wave_config {Untitled 7}
Untitled 7
add_wave {{/tb_Filter/DUT/treshold}} 
restart
INFO: [Simtcl 6-17] Simulation restarted
run 1 us
close_sim
INFO: [Simtcl 6-16] Simulation closed
launch_simulation
INFO: [Vivado 12-5682] Launching behavioral simulation in 'C:/Users/ASA/Desktop/Digital Pulse Detection/Digital Pulse Detection.sim/sim_1/behav/xsim'
INFO: [SIM-utils-51] Simulation object is 'sim_1'
INFO: [SIM-utils-54] Inspecting design source files for 'tb_Filter' in fileset 'sim_1'...
INFO: [USF-XSim-97] Finding global include files...
INFO: [USF-XSim-98] Fetching design files from 'sim_1'...
INFO: [USF-XSim-2] XSim::Compile design
INFO: [USF-XSim-61] Executing 'COMPILE and ANALYZE' step in 'C:/Users/ASA/Desktop/Digital Pulse Detection/Digital Pulse Detection.sim/sim_1/behav/xsim'
"xvhdl --incr --relax -prj tb_Filter_vhdl.prj"
INFO: [VRFC 10-163] Analyzing VHDL file "C:/Users/ASA/Desktop/Digital Pulse Detection/Digital Pulse Detection.srcs/sources_1/new/Glitch_Filter_V2.vhd" into library xil_defaultlib
INFO: [VRFC 10-3107] analyzing entity 'Glitch_Filter_V2'
INFO: [VRFC 10-163] Analyzing VHDL file "C:/Users/ASA/Desktop/Digital Pulse Detection/Digital Pulse Detection.srcs/sim_1/new/TB_Filter.vhd" into library xil_defaultlib
INFO: [VRFC 10-3107] analyzing entity 'tb_Filter'
INFO: [USF-XSim-69] 'compile' step finished in '1' seconds
INFO: [USF-XSim-3] XSim::Elaborate design
INFO: [USF-XSim-61] Executing 'ELABORATE' step in 'C:/Users/ASA/Desktop/Digital Pulse Detection/Digital Pulse Detection.sim/sim_1/behav/xsim'
"xelab -wto 7058c215b71d4a7b877a5b2561376859 --incr --debug typical --relax --mt 2 -L xil_defaultlib -L secureip --snapshot tb_Filter_behav xil_defaultlib.tb_Filter -log elaborate.log"
Vivado Simulator 2019.1
Copyright 1986-1999, 2001-2019 Xilinx, Inc. All Rights Reserved.
Running: E:/Xilinx/Vivado/2019.1/bin/unwrapped/win64.o/xelab.exe -wto 7058c215b71d4a7b877a5b2561376859 --incr --debug typical --relax --mt 2 -L xil_defaultlib -L secureip --snapshot tb_Filter_behav xil_defaultlib.tb_Filter -log elaborate.log 
Using 2 slave threads.
Starting static elaboration
Completed static elaboration
Starting simulation data flow analysis
Completed simulation data flow analysis
Time Resolution for simulation is 1ps
Compiling package std.standard
Compiling package std.textio
Compiling package ieee.std_logic_1164
Compiling package ieee.numeric_std
Compiling architecture rtl of entity xil_defaultlib.Glitch_Filter_V2 [glitch_filter_v2_default]
Compiling architecture behavioral of entity xil_defaultlib.tb_filter
Built simulation snapshot tb_Filter_behav
INFO: [USF-XSim-69] 'elaborate' step finished in '1' seconds
INFO: [USF-XSim-4] XSim::Simulate design
INFO: [USF-XSim-61] Executing 'SIMULATE' step in 'C:/Users/ASA/Desktop/Digital Pulse Detection/Digital Pulse Detection.sim/sim_1/behav/xsim'
INFO: [USF-XSim-98] *** Running xsim
   with args "tb_Filter_behav -key {Behavioral:sim_1:Functional:tb_Filter} -tclbatch {tb_Filter.tcl} -log {simulate.log}"
INFO: [USF-XSim-8] Loading simulator feature
Vivado Simulator 2019.1
Time resolution is 1 ps
source tb_Filter.tcl
# set curr_wave [current_wave_config]
# if { [string length $curr_wave] == 0 } {
#   if { [llength [get_objects]] > 0} {
#     add_wave /
#     set_property needs_save false [current_wave_config]
#   } else {
#      send_msg_id Add_Wave-1 WARNING "No top level signals found. Simulator will start without a wave window. If you want to open a wave window go to 'File->New Waveform Configuration' or type 'create_wave_config' in the TCL console."
#   }
# }
# run 1000ns
INFO: [USF-XSim-96] XSim completed. Design snapshot 'tb_Filter_behav' loaded.
INFO: [USF-XSim-97] XSim simulation ran for 1000ns
launch_simulation: Time (s): cpu = 00:00:02 ; elapsed = 00:00:06 . Memory (MB): peak = 1128.715 ; gain = 0.000
close_sim
INFO: [Simtcl 6-16] Simulation closed
launch_simulation
INFO: [Vivado 12-5682] Launching behavioral simulation in 'C:/Users/ASA/Desktop/Digital Pulse Detection/Digital Pulse Detection.sim/sim_1/behav/xsim'
INFO: [SIM-utils-51] Simulation object is 'sim_1'
INFO: [SIM-utils-54] Inspecting design source files for 'tb_Filter' in fileset 'sim_1'...
INFO: [USF-XSim-97] Finding global include files...
INFO: [USF-XSim-98] Fetching design files from 'sim_1'...
INFO: [USF-XSim-2] XSim::Compile design
INFO: [USF-XSim-61] Executing 'COMPILE and ANALYZE' step in 'C:/Users/ASA/Desktop/Digital Pulse Detection/Digital Pulse Detection.sim/sim_1/behav/xsim'
"xvhdl --incr --relax -prj tb_Filter_vhdl.prj"
INFO: [VRFC 10-163] Analyzing VHDL file "C:/Users/ASA/Desktop/Digital Pulse Detection/Digital Pulse Detection.srcs/sources_1/new/Glitch_Filter_V2.vhd" into library xil_defaultlib
INFO: [VRFC 10-3107] analyzing entity 'Glitch_Filter_V2'
INFO: [VRFC 10-163] Analyzing VHDL file "C:/Users/ASA/Desktop/Digital Pulse Detection/Digital Pulse Detection.srcs/sim_1/new/TB_Filter.vhd" into library xil_defaultlib
INFO: [VRFC 10-3107] analyzing entity 'tb_Filter'
INFO: [USF-XSim-69] 'compile' step finished in '1' seconds
INFO: [USF-XSim-3] XSim::Elaborate design
INFO: [USF-XSim-61] Executing 'ELABORATE' step in 'C:/Users/ASA/Desktop/Digital Pulse Detection/Digital Pulse Detection.sim/sim_1/behav/xsim'
"xelab -wto 7058c215b71d4a7b877a5b2561376859 --incr --debug typical --relax --mt 2 -L xil_defaultlib -L secureip --snapshot tb_Filter_behav xil_defaultlib.tb_Filter -log elaborate.log"
Vivado Simulator 2019.1
Copyright 1986-1999, 2001-2019 Xilinx, Inc. All Rights Reserved.
Running: E:/Xilinx/Vivado/2019.1/bin/unwrapped/win64.o/xelab.exe -wto 7058c215b71d4a7b877a5b2561376859 --incr --debug typical --relax --mt 2 -L xil_defaultlib -L secureip --snapshot tb_Filter_behav xil_defaultlib.tb_Filter -log elaborate.log 
Using 2 slave threads.
Starting static elaboration
Completed static elaboration
Starting simulation data flow analysis
Completed simulation data flow analysis
Time Resolution for simulation is 1ps
Compiling package std.standard
Compiling package std.textio
Compiling package ieee.std_logic_1164
Compiling package ieee.numeric_std
Compiling architecture rtl of entity xil_defaultlib.Glitch_Filter_V2 [glitch_filter_v2_default]
Compiling architecture behavioral of entity xil_defaultlib.tb_filter
Built simulation snapshot tb_Filter_behav
INFO: [USF-XSim-69] 'elaborate' step finished in '1' seconds
INFO: [USF-XSim-4] XSim::Simulate design
INFO: [USF-XSim-61] Executing 'SIMULATE' step in 'C:/Users/ASA/Desktop/Digital Pulse Detection/Digital Pulse Detection.sim/sim_1/behav/xsim'
INFO: [USF-XSim-98] *** Running xsim
   with args "tb_Filter_behav -key {Behavioral:sim_1:Functional:tb_Filter} -tclbatch {tb_Filter.tcl} -log {simulate.log}"
INFO: [USF-XSim-8] Loading simulator feature
Vivado Simulator 2019.1
Time resolution is 1 ps
source tb_Filter.tcl
# set curr_wave [current_wave_config]
# if { [string length $curr_wave] == 0 } {
#   if { [llength [get_objects]] > 0} {
#     add_wave /
#     set_property needs_save false [current_wave_config]
#   } else {
#      send_msg_id Add_Wave-1 WARNING "No top level signals found. Simulator will start without a wave window. If you want to open a wave window go to 'File->New Waveform Configuration' or type 'create_wave_config' in the TCL console."
#   }
# }
# run 1000ns
INFO: [USF-XSim-96] XSim completed. Design snapshot 'tb_Filter_behav' loaded.
INFO: [USF-XSim-97] XSim simulation ran for 1000ns
launch_simulation: Time (s): cpu = 00:00:02 ; elapsed = 00:00:06 . Memory (MB): peak = 1128.715 ; gain = 0.000
current_wave_config {Untitled 9}
Untitled 9
add_wave {{/tb_Filter/DUT/count}} 
current_wave_config {Untitled 9}
Untitled 9
add_wave {{/tb_Filter/DUT/treshold}} 
restart
INFO: [Simtcl 6-17] Simulation restarted
run 1 us
close_sim
INFO: [Simtcl 6-16] Simulation closed
launch_simulation
INFO: [Vivado 12-5682] Launching behavioral simulation in 'C:/Users/ASA/Desktop/Digital Pulse Detection/Digital Pulse Detection.sim/sim_1/behav/xsim'
INFO: [SIM-utils-51] Simulation object is 'sim_1'
INFO: [SIM-utils-54] Inspecting design source files for 'tb_Filter' in fileset 'sim_1'...
INFO: [USF-XSim-97] Finding global include files...
INFO: [USF-XSim-98] Fetching design files from 'sim_1'...
INFO: [USF-XSim-2] XSim::Compile design
INFO: [USF-XSim-61] Executing 'COMPILE and ANALYZE' step in 'C:/Users/ASA/Desktop/Digital Pulse Detection/Digital Pulse Detection.sim/sim_1/behav/xsim'
"xvhdl --incr --relax -prj tb_Filter_vhdl.prj"
INFO: [VRFC 10-163] Analyzing VHDL file "C:/Users/ASA/Desktop/Digital Pulse Detection/Digital Pulse Detection.srcs/sources_1/new/Glitch_Filter_V2.vhd" into library xil_defaultlib
INFO: [VRFC 10-3107] analyzing entity 'Glitch_Filter_V2'
INFO: [VRFC 10-163] Analyzing VHDL file "C:/Users/ASA/Desktop/Digital Pulse Detection/Digital Pulse Detection.srcs/sim_1/new/TB_Filter.vhd" into library xil_defaultlib
INFO: [VRFC 10-3107] analyzing entity 'tb_Filter'
INFO: [USF-XSim-69] 'compile' step finished in '1' seconds
INFO: [USF-XSim-3] XSim::Elaborate design
INFO: [USF-XSim-61] Executing 'ELABORATE' step in 'C:/Users/ASA/Desktop/Digital Pulse Detection/Digital Pulse Detection.sim/sim_1/behav/xsim'
"xelab -wto 7058c215b71d4a7b877a5b2561376859 --incr --debug typical --relax --mt 2 -L xil_defaultlib -L secureip --snapshot tb_Filter_behav xil_defaultlib.tb_Filter -log elaborate.log"
Vivado Simulator 2019.1
Copyright 1986-1999, 2001-2019 Xilinx, Inc. All Rights Reserved.
Running: E:/Xilinx/Vivado/2019.1/bin/unwrapped/win64.o/xelab.exe -wto 7058c215b71d4a7b877a5b2561376859 --incr --debug typical --relax --mt 2 -L xil_defaultlib -L secureip --snapshot tb_Filter_behav xil_defaultlib.tb_Filter -log elaborate.log 
Using 2 slave threads.
Starting static elaboration
Completed static elaboration
Starting simulation data flow analysis
Completed simulation data flow analysis
Time Resolution for simulation is 1ps
Compiling package std.standard
Compiling package std.textio
Compiling package ieee.std_logic_1164
Compiling package ieee.numeric_std
Compiling architecture rtl of entity xil_defaultlib.Glitch_Filter_V2 [glitch_filter_v2_default]
Compiling architecture behavioral of entity xil_defaultlib.tb_filter
Built simulation snapshot tb_Filter_behav
INFO: [USF-XSim-69] 'elaborate' step finished in '1' seconds
INFO: [USF-XSim-4] XSim::Simulate design
INFO: [USF-XSim-61] Executing 'SIMULATE' step in 'C:/Users/ASA/Desktop/Digital Pulse Detection/Digital Pulse Detection.sim/sim_1/behav/xsim'
INFO: [USF-XSim-98] *** Running xsim
   with args "tb_Filter_behav -key {Behavioral:sim_1:Functional:tb_Filter} -tclbatch {tb_Filter.tcl} -log {simulate.log}"
INFO: [USF-XSim-8] Loading simulator feature
Vivado Simulator 2019.1
Time resolution is 1 ps
source tb_Filter.tcl
# set curr_wave [current_wave_config]
# if { [string length $curr_wave] == 0 } {
#   if { [llength [get_objects]] > 0} {
#     add_wave /
#     set_property needs_save false [current_wave_config]
#   } else {
#      send_msg_id Add_Wave-1 WARNING "No top level signals found. Simulator will start without a wave window. If you want to open a wave window go to 'File->New Waveform Configuration' or type 'create_wave_config' in the TCL console."
#   }
# }
# run 1000ns
INFO: [USF-XSim-96] XSim completed. Design snapshot 'tb_Filter_behav' loaded.
INFO: [USF-XSim-97] XSim simulation ran for 1000ns
close_sim
INFO: [Simtcl 6-16] Simulation closed
exit
INFO: [Common 17-206] Exiting Vivado at Mon Dec  8 23:52:30 2025...
